Log file open, 09/20/17 20:10:08
LogInit:Display: Running engine for game: RPDungeon
LogPlatformFile: Not using cached read wrapper
LogInit:Display: RandInit(421994210) SRandInit(421994210).
LogTaskGraph: Started task graph with 5 named threads and 6 total threads with 1 sets of task threads.
LogStats: Stats thread started at 0.071078
LogInit: Using libcurl 7.47.1
LogInit:  - built for x86_64-pc-win32
LogInit:  - supports SSL with OpenSSL/1.0.2g
LogInit:  - supports HTTP deflate (compression) using libz 1.2.8
LogInit:  - other features:
LogInit:      CURL_VERSION_SSL
LogInit:      CURL_VERSION_LIBZ
LogInit:      CURL_VERSION_IPV6
LogInit:      CURL_VERSION_ASYNCHDNS
LogInit:      CURL_VERSION_LARGEFILE
LogInit:      CURL_VERSION_IDN
LogInit:  CurlRequestOptions (configurable via config and command line):
LogInit:  - bVerifyPeer = false  - Libcurl will NOT verify peer certificate
LogInit:  - bUseHttpProxy = false  - Libcurl will NOT use HTTP proxy
LogInit:  - bDontReuseConnections = false  - Libcurl will reuse connections
LogInit:  - CertBundlePath = nullptr  - Libcurl will use whatever was configured at build time.
LogInit: Build: ++UE4+Release-4.16-CL-3466753
LogInit: Engine Version: 4.16.1-3466753+++UE4+Release-4.16
LogInit: Compatible Engine Version: 4.16.0-3452394+++UE4+Release-4.16
LogInit: Net CL: 3452394
LogDevObjectVersion: Number of dev versions registered: 16
LogDevObjectVersion:   Dev-Blueprints (B0D832E4-1F89-4F0D-ACCF-7EB736FD4AA2): 9
LogDevObjectVersion:   Dev-Build (E1C64328-A22C-4D53-A36C-8E866417BD8C): 0
LogDevObjectVersion:   Dev-Core (375EC13C-06E4-48FB-B500-84F0262A717E): 2
LogDevObjectVersion:   Dev-Editor (E4B068ED-F494-42E9-A231-DA0B2E46BB41): 17
LogDevObjectVersion:   Dev-Framework (CFFC743F-43B0-4480-9391-14DF171D2073): 23
LogDevObjectVersion:   Dev-Mobile (B02B49B5-BB20-44E9-A304-32B752E40360): 0
LogDevObjectVersion:   Dev-Networking (A4E4105C-59A1-49B5-A7C5-40C4547EDFEE): 0
LogDevObjectVersion:   Dev-Online (39C831C9-5AE6-47DC-9A44-9C173E1C8E7C): 0
LogDevObjectVersion:   Dev-Physics (78F01B33-EBEA-4F98-B9B4-84EACCB95AA2): 0
LogDevObjectVersion:   Dev-Platform (6631380F-2D4D-43E0-8009-CF276956A95A): 0
LogDevObjectVersion:   Dev-Rendering (12F88B9F-8875-4AFC-A67C-D90C383ABD29): 15
LogDevObjectVersion:   Dev-Sequencer (7B5AE74C-D270-4C10-A958-57980B212A5A): 4
LogDevObjectVersion:   Dev-VR (D7296918-1DD6-4BDD-9DE2-64A83CC13884): 0
LogDevObjectVersion:   Dev-LoadTimes (C2A15278-BFE7-4AFE-6C17-90FF531DF755): 1
LogDevObjectVersion:   Private-Geometry (6EACA3D4-40EC-4CC1-B786-8BED09428FC5): 1
LogDevObjectVersion:   Dev-AnimPhys (29E575DD-E0A3-4627-9D10-D276232CDCEA): 3
LogInit: Compiled (64-bit): May 31 2017 02:03:30
LogInit: Compiled with Visual C++: 19.00.24215.01
LogInit: Build Configuration: Development
LogInit: Branch Name: ++UE4+Release-4.16
LogInit: Command line:  
LogInit: Base directory: C:/Program Files/Epic Games/UE_4.16/Engine/Binaries/Win64/
LogInit: Installed Engine Build: 1
LogInit: Presizing for max 8388607 objects, including 0 objects not considered by GC, pre-allocating 0 bytes for permanent pool.
LogInit: Object subsystem initialized
[2017.09.20-10.10.09:873][  0]LogInit: Selected Device Profile: [Windows]
[2017.09.20-10.10.09:873][  0]LogInit: Applying CVar settings loaded from the selected device profile: [Windows]
[2017.09.20-10.10.10:002][  0]LogInit: Computer: DESKTOP-84D2GHL
[2017.09.20-10.10.10:002][  0]LogInit: User: New
[2017.09.20-10.10.10:002][  0]LogInit: CPU Page size=4096, Cores=2
[2017.09.20-10.10.10:002][  0]LogInit: High frequency timer resolution =3.125011 MHz
[2017.09.20-10.10.10:007][  0]LogMemory: Memory total: Physical=7.9GB (8GB approx)
[2017.09.20-10.10.10:007][  0]LogMemory: Platform Memory Stats for Windows
[2017.09.20-10.10.10:007][  0]LogMemory: Process Physical Memory: 273.51 MB used, 273.51 MB peak
[2017.09.20-10.10.10:007][  0]LogMemory: Process Virtual Memory: 266.39 MB used, 266.39 MB peak
[2017.09.20-10.10.10:007][  0]LogMemory: Physical Memory: 5560.86 MB used,  2559.15 MB free, 8120.01 MB total
[2017.09.20-10.10.10:007][  0]LogMemory: Virtual Memory: 637.34 MB used,  2559.15 MB free, 134217728.00 MB total
[2017.09.20-10.10.10:985][  0]LogInit: Using OS detected language (en-GB).
[2017.09.20-10.10.10:985][  0]LogInit: Using OS detected locale (en-AU).
[2017.09.20-10.10.11:245][  0]LogTextLocalizationManager: No specific localization for 'en-GB' exists, so the 'en' localization will be used.
[2017.09.20-10.10.17:671][  0]LogD3D11RHI: D3D11 adapters:
[2017.09.20-10.10.17:710][  0]LogD3D11RHI:    0. 'Radeon(TM) RX 460 Graphics' (Feature Level 11_0)
[2017.09.20-10.10.17:710][  0]LogD3D11RHI:       1996/0/4060 MB DedicatedVideo/DedicatedSystem/SharedSystem, Outputs:1, VendorId:0x1002
[2017.09.20-10.10.17:711][  0]LogD3D11RHI:    1. 'Microsoft Basic Render Driver' (Feature Level 11_0)
[2017.09.20-10.10.17:711][  0]LogD3D11RHI:       0/0/4060 MB DedicatedVideo/DedicatedSystem/SharedSystem, Outputs:0, VendorId:0x1414
[2017.09.20-10.10.17:711][  0]LogD3D11RHI: Chosen D3D11 Adapter: 0
[2017.09.20-10.10.17:734][  0]LogD3D11RHI: Creating new Direct3DDevice
[2017.09.20-10.10.17:734][  0]LogD3D11RHI:     GPU DeviceId: 0x67ef (for the marketing name, search the web for "GPU Device Id")
[2017.09.20-10.10.17:734][  0]LogWindows: EnumDisplayDevices:
[2017.09.20-10.10.17:734][  0]LogWindows:    0. '67EF:CF' (P:1 D:1)
[2017.09.20-10.10.17:734][  0]LogWindows:    1. '67EF:CF' (P:0 D:0)
[2017.09.20-10.10.17:734][  0]LogWindows:    2. '67EF:CF' (P:0 D:0)
[2017.09.20-10.10.17:734][  0]LogWindows:    3. '67EF:CF' (P:0 D:0)
[2017.09.20-10.10.17:735][  0]LogWindows:    4. '67EF:CF' (P:0 D:0)
[2017.09.20-10.10.17:735][  0]LogWindows: DebugString: FoundDriverCount:5 
[2017.09.20-10.10.17:735][  0]LogD3D11RHI:     Adapter Name: Radeon(TM) RX 460 Graphics
[2017.09.20-10.10.17:735][  0]LogD3D11RHI:   Driver Version: Crimson ReLive 17.1.1 (internal:22.19.162.4, unified:22.19.162.4)
[2017.09.20-10.10.17:735][  0]LogD3D11RHI:      Driver Date: 4-24-2017
[2017.09.20-10.10.17:735][  0]LogRHI: Texture pool is 1361 MB (70% of 1945 MB)
[2017.09.20-10.10.17:931][  0]LogD3D11RHI: Async texture creation enabled
[2017.09.20-10.10.18:371][  0]LogD3D11RHI: GPU Timing Frequency: 25.000000 (Debug: 2 1)
[2017.09.20-10.10.18:454][  0]LogShaderCompilers: Guid format shader working directory is -10 characters bigger than the processId version (../../../../../../Users/New/Documents/GitHub/RPdungeon/Intermediate/Shaders/WorkingDirectory/9000/).
[2017.09.20-10.10.18:454][  0]LogShaderCompilers: Cleaned the shader compiler working directory 'C:/Users/New/AppData/Local/Temp/UnrealShaderWorkingDir/91FFC5FD4F3EB8C59AA2FA9995765916/'.
[2017.09.20-10.10.18:462][  0]LogShaderCompilers:Display: Using Local Shader Compiler.
[2017.09.20-10.10.25:724][  0]LogTemp:Display: Loaded TP AllDesktopTargetPlatform
[2017.09.20-10.10.25:792][  0]LogTemp:Display: Loaded TP MacClientTargetPlatform
[2017.09.20-10.10.25:859][  0]LogTemp:Display: Loaded TP MacNoEditorTargetPlatform
[2017.09.20-10.10.25:916][  0]LogTemp:Display: Loaded TP MacServerTargetPlatform
[2017.09.20-10.10.26:012][  0]LogTemp:Display: Loaded TP MacTargetPlatform
[2017.09.20-10.10.26:076][  0]LogTemp:Display: Loaded TP WindowsClientTargetPlatform
[2017.09.20-10.10.26:136][  0]LogTemp:Display: Loaded TP WindowsNoEditorTargetPlatform
[2017.09.20-10.10.26:195][  0]LogTemp:Display: Loaded TP WindowsServerTargetPlatform
[2017.09.20-10.10.26:272][  0]LogTemp:Display: Loaded TP WindowsTargetPlatform
[2017.09.20-10.10.26:360][  0]LogTemp:Display: Loaded TP AndroidTargetPlatform
[2017.09.20-10.10.26:427][  0]LogTemp:Display: Loaded TP Android_ASTCTargetPlatform
[2017.09.20-10.10.26:486][  0]LogTemp:Display: Loaded TP Android_ATCTargetPlatform
[2017.09.20-10.10.26:545][  0]LogTemp:Display: Loaded TP Android_DXTTargetPlatform
[2017.09.20-10.10.26:612][  0]LogTemp:Display: Loaded TP Android_ETC1TargetPlatform
[2017.09.20-10.10.26:679][  0]LogTemp:Display: Loaded TP Android_ETC2TargetPlatform
[2017.09.20-10.10.26:818][  0]LogTemp:Display: Loaded TP Android_MultiTargetPlatform
[2017.09.20-10.10.26:818][  0]LogTemp:Display: Loaded TP Android_PVRTCTargetPlatform
[2017.09.20-10.10.26:895][  0]LogTemp:Display: Loaded TP HTML5TargetPlatform
[2017.09.20-10.10.27:102][  0]LogTemp:Display: Loaded TP IOSTargetPlatform
[2017.09.20-10.10.27:135][  0]LogTemp:Display: Loaded TP TVOSTargetPlatform
[2017.09.20-10.10.27:210][  0]LogTemp:Display: Loaded TP LinuxClientTargetPlatform
[2017.09.20-10.10.27:276][  0]LogTemp:Display: Loaded TP LinuxNoEditorTargetPlatform
[2017.09.20-10.10.27:368][  0]LogTemp:Display: Loaded TP LinuxServerTargetPlatform
[2017.09.20-10.10.27:453][  0]LogTemp:Display: Loaded TP LinuxTargetPlatform
[2017.09.20-10.10.27:453][  0]LogTargetPlatformManager:Display: Building Assets For Windows
[2017.09.20-10.10.28:776][  0]LogDerivedDataCache:Display: Max Cache Size: 512 MB
[2017.09.20-10.10.29:690][  0]LogDerivedDataCache: Loaded boot cache 0.88s 90MB C:/Users/New/AppData/Local/UnrealEngine/4.16/DerivedDataCache/Boot.ddc.
[2017.09.20-10.10.29:690][  0]LogDerivedDataCache:Display: Loaded Boot cache: C:/Users/New/AppData/Local/UnrealEngine/4.16/DerivedDataCache/Boot.ddc
[2017.09.20-10.10.29:691][  0]LogDerivedDataCache: FDerivedDataBackendGraph:  Pak pak cache file ../../../../../../Users/New/Documents/GitHub/RPdungeon/DerivedDataCache/DDC.ddp not found, will not use a pak cache.
[2017.09.20-10.10.29:691][  0]LogDerivedDataCache: Unable to find inner node Pak for hierarchical cache Hierarchy.
[2017.09.20-10.10.29:691][  0]LogDerivedDataCache: FDerivedDataBackendGraph:  CompressedPak pak cache file ../../../../../../Users/New/Documents/GitHub/RPdungeon/DerivedDataCache/Compressed.ddp not found, will not use a pak cache.
[2017.09.20-10.10.29:691][  0]LogDerivedDataCache: Unable to find inner node CompressedPak for hierarchical cache Hierarchy.
[2017.09.20-10.10.29:771][  0]LogDerivedDataCache:Display: Pak cache opened for reading ../../../Engine/DerivedDataCache/Compressed.ddp.
[2017.09.20-10.10.29:782][  0]LogDerivedDataCache: Using Local data cache path C:/Users/New/AppData/Local/UnrealEngine/Common/DerivedDataCache: Writable
[2017.09.20-10.10.29:912][  0]LogMaterial: Verifying Global Shaders for PCD3D_SM5
[2017.09.20-10.10.30:037][  0]LogSlate: Using Freetype 2.6.0
[2017.09.20-10.10.30:182][  0]LogSlate: SlateFontCache - WITH_FREETYPE: 1, WITH_HARFBUZZ: 1
[2017.09.20-10.10.30:182][  0]LogSlate: SlateFontCache - WITH_FREETYPE: 1, WITH_HARFBUZZ: 1
[2017.09.20-10.10.39:651][  0]LogInit: Selected Device Profile: [Windows]
[2017.09.20-10.10.40:834][  0]LogContentStreaming: Texture pool size is 0.00 MB
[2017.09.20-10.10.41:730][  0]LogMeshUtilities: Using QuadricMeshReduction for automatic static mesh reduction
[2017.09.20-10.10.41:878][  0]LogSimplygon: Simplygon DLL not present - disabling.
[2017.09.20-10.10.41:953][  0]LogMeshUtilities: Using SimplygonSwarm for distributed automatic mesh merging
[2017.09.20-10.10.41:953][  0]LogMeshUtilities: No automatic skeletal mesh reduction module available
[2017.09.20-10.10.41:953][  0]LogMeshUtilities: No automatic mesh merging module available
[2017.09.20-10.10.49:106][  0]LogNetVersion: RPDungeon , NetCL: 3452394, EngineNetVer: 2, GameNetVer: 0 (Checksum: 3434754333)
[2017.09.20-10.10.49:533][  0]LogAssetRegistry: FAssetRegistry took 0.0698 seconds to start up
[2017.09.20-10.10.49:987][  0]LogPackageLocalizationCache: Processed 4 localized package path(s) for 2 prioritized culture(s) in 0.294251 seconds
[2017.09.20-10.10.50:043][  0]LogUObjectArray: 34194 objects as part of root set at end of initial load.
[2017.09.20-10.10.50:043][  0]LogUObjectAllocator: 7260424 out of 0 bytes used by permanent object pool.
[2017.09.20-10.10.50:043][  0]LogUObjectArray: CloseDisregardForGC: 0/0 objects in disregard for GC pool
[2017.09.20-10.10.50:223][  0]LogInit: WinSock: version 1.1 (2.2), MaxSocks=32767, MaxUdp=65467
[2017.09.20-10.11.39:557][  0]LogTcpMessaging: Initializing TcpMessaging bridge
[2017.09.20-10.11.39:627][  0]LogUdpMessaging: Initializing bridge on interface 0.0.0.0:0 to multicast group 230.0.0.1:6666.
[2017.09.20-10.11.41:082][  0]LogMaterial: Uniform references updated for custom material expression Custom.
[2017.09.20-10.11.41:848][  0]SourceControl: Info Source control is disabled
[2017.09.20-10.11.41:855][  0]SourceControl: Info Source control is disabled
[2017.09.20-10.11.41:959][  0]SourceControl: Info Source control is disabled
[2017.09.20-10.11.42:072][  0]SourceControl: Info Source control is disabled
[2017.09.20-10.11.43:708][  0]LogAndroidPermission: UAndroidPermissionCallbackProxy::GetInstance
[2017.09.20-10.11.45:522][  0]LogEngine: Initializing Engine...
[2017.09.20-10.11.45:548][  0]LogHMD: Failed to initialize OpenVR with code 110
[2017.09.20-10.11.45:950][  0]LogStats: UGameplayTagsManager::ConstructGameplayTagTree: Construct from data asset -  0.000 s
[2017.09.20-10.11.45:951][  0]LogStats: UGameplayTagsManager::ConstructGameplayTagTree: GameplayTagTreeChangedEvent.Broadcast -  0.000 s
[2017.09.20-10.11.46:588][  0]LogAIModule: Creating AISystem for world Untitled
[2017.09.20-10.11.46:772][  0]LogInit: XAudio2 using 'Speakers (Realtek High Definition Audio)' : 2 channels at 48 kHz using 32 bits per sample (channel mask 0x3)
[2017.09.20-10.11.46:802][  0]LogInit: FAudioDevice initialized.
[2017.09.20-10.11.46:891][  0]LogDerivedDataCache: Saved boot cache 0.09s 90MB C:/Users/New/AppData/Local/UnrealEngine/4.16/DerivedDataCache/Boot.ddc.
[2017.09.20-10.11.46:909][  0]LogInit: Texture streaming: Enabled
[2017.09.20-10.11.47:168][  0]LogEngineSessionManager: EngineSessionManager initialized
[2017.09.20-10.11.48:273][  0]LogInit: Transaction tracking system initialized
[2017.09.20-10.11.49:599][  0]BlueprintLog: New page: Editor Load
[2017.09.20-10.11.53:490][  0]LocalizationService: Info Localization service is disabled
[2017.09.20-10.11.56:926][  0]LogConsoleResponse:Display: 
[2017.09.20-10.11.59:541][  0]LogFileCache: Scanning file cache for directory 'C:/Users/New/Documents/GitHub/RPdungeon/Content/' took 0.01s
[2017.09.20-10.11.59:541][  0]LogCook:Display: Max memory allowance for cook 16384mb min free memory 0mb
[2017.09.20-10.11.59:545][  0]LogCook:Display: Mobile HDR setting 1
[2017.09.20-10.12.06:940][  0]SourceControl: Info Source control is disabled
[2017.09.20-10.12.07:225][  0]Cmd: MAP LOAD FILE="../../../../../../Users/New/Documents/GitHub/RPdungeon/Content/StarterContent/Maps/Minimal_Default.umap" TEMPLATE=0 SHOWPROGRESS=1 FEATURELEVEL=3
[2017.09.20-10.12.07:236][  0]LightingResults: New page: Lighting Build
[2017.09.20-10.12.07:838][  0]MapCheck: New page: Map Check
[2017.09.20-10.12.07:838][  0]LightingResults: New page: Lighting Build
[2017.09.20-10.12.14:676][  0]LogAIModule: Creating AISystem for world Minimal_Default
[2017.09.20-10.12.16:577][  0]LogEditorServer: Finished looking for orphan Actors (0.000 secs)
[2017.09.20-10.12.16:910][  0]Cmd: MAP CHECKDEP NOCLEARLOG
[2017.09.20-10.12.16:988][  0]MapCheck: Info Map check complete: 0 Error(s), 0 Warning(s), took 56.182ms to complete.
[2017.09.20-10.12.16:988][  0]LogFileHelpers: Loading map 'Minimal_Default' took 9.896
[2017.09.20-10.12.21:461][  0]LogCollectionManager: Loaded 0 collections in 0.001403 seconds
[2017.09.20-10.12.21:793][  0]LogFileCache: Scanning file cache for directory 'C:/Users/New/Documents/GitHub/RPdungeon/Saved/Collections/' took 0.01s
[2017.09.20-10.12.21:793][  0]LogFileCache: Scanning file cache for directory 'C:/Users/New/Documents/GitHub/RPdungeon/Content/Developers/New/Collections/' took 0.01s
[2017.09.20-10.12.21:793][  0]LogFileCache: Scanning file cache for directory 'C:/Users/New/Documents/GitHub/RPdungeon/Content/Collections/' took 0.02s
[2017.09.20-10.12.21:793][  0]LogCollectionManager: Rebuilt the GUID cache for 0 collections in 0.000002 seconds
[2017.09.20-10.12.21:826][  0]LogContentBrowser: Native class hierarchy populated in 0.0117 seconds. Added 2329 classes and 491 folders.
[2017.09.20-10.12.22:121][  0]LogContentBrowser: Native class hierarchy updated for 'WidgetCarousel' in 0.0007 seconds. Added 0 classes and 0 folders.
[2017.09.20-10.12.27:283][  0]LogContentBrowser: Native class hierarchy updated for 'AddContentDialog' in 0.0006 seconds. Added 0 classes and 0 folders.
[2017.09.20-10.12.27:429][  0]LogContentBrowser: Native class hierarchy updated for 'SceneOutliner' in 0.0006 seconds. Added 1 classes and 2 folders.
[2017.09.20-10.12.28:336][  0]LogCrashTracker: Crashtracker disabled due to settings.
[2017.09.20-10.12.28:605][  0]LogSlate: Took 0.055953 seconds to synchronously load lazily loaded font '../../../Engine/Content/Slate/Fonts/Roboto-Regular.ttf' (155K)
[2017.09.20-10.12.28:635][  0]LogSlate: Took 0.016369 seconds to synchronously load lazily loaded font '../../../Engine/Content/Slate/Fonts/Roboto-Bold.ttf' (160K)
[2017.09.20-10.12.28:723][  0]LogSlate: Took 0.022954 seconds to synchronously load lazily loaded font '../../../Engine/Content/Editor/Slate/Fonts/FontAwesome.ttf' (139K)
[2017.09.20-10.12.29:632][  0]LogRenderer: Reallocating scene render targets to support 1244x576 NumSamples 1 (Frame:1).
[2017.09.20-10.12.31:320][  0]LogUObjectGlobals:Warning: Failed to find object 'Class None.'
[2017.09.20-10.12.31:565][  0]LogContentBrowser: Native class hierarchy updated for 'HierarchicalLODOutliner' in 0.0006 seconds. Added 1 classes and 2 folders.
[2017.09.20-10.12.31:565][  0]LogLoad: (Engine Initialization) Total time: 148.06 seconds
[2017.09.20-10.12.31:565][  0]LogLoad: (Engine Initialization) Total Blueprint compile time: 1.88 seconds
[2017.09.20-10.12.31:565][  0]LogExternalProfiler: Found external profiler: VSPerf
[2017.09.20-10.12.31:565][  0]LogExternalProfiler: Using external profiler: VSPerf
[2017.09.20-10.12.31:982][  0]LogOcInput: OculusInput pre-init called
[2017.09.20-10.12.31:985][  0]LogHMD: Starting GearVRController plugin
[2017.09.20-10.12.32:384][  0]LogContentStreaming: Texture pool size now 1000 MB
[2017.09.20-10.12.33:051][  1]LogSlate: Took 0.077269 seconds to synchronously load lazily loaded font '../../../Engine/Content/Slate/Fonts/Roboto-Light.ttf' (159K)
[2017.09.20-10.12.33:574][  2]LogSlate: Took 0.000261 seconds to synchronously load lazily loaded font '../../../Engine/Content/Slate/Fonts/Roboto-Light.ttf' (159K)
[2017.09.20-10.12.34:115][  3]LogAssetRegistry: Asset discovery search completed in 104.6035 seconds
[2017.09.20-10.12.34:165][  3]LogCollectionManager: Rebuilt the object cache for 0 collections in 0.000001 seconds (found 0 objects)
[2017.09.20-10.12.34:165][  3]LogCollectionManager: Fixed up redirectors for 0 collections in 0.020940 seconds (updated 0 objects)
[2017.09.20-10.13.57:182][627]SourceControl:Error: Error Failed to enable Git source control. You need to install Git and specify a valid path to git executable.
[2017.09.20-10.14.16:194][569]SourceControl:Error: Error Failed to enable Git source control. You need to install Git and specify a valid path to git executable.
[2017.09.20-10.15.16:049][684]SourceControl:Error: Error Failed to enable Git source control. You need to install Git and specify a valid path to git executable.
[2017.09.20-10.15.29:483][411]SourceControl:Error: Error Failed to enable Git source control. You need to install Git and specify a valid path to git executable.
[2017.09.20-10.15.31:219][577]SourceControl: Info Source control is disabled
[2017.09.20-10.15.45:506][228]LogTemp: Repeting last play command: Selected Viewport
[2017.09.20-10.15.47:939][228]LogBlueprintUserMessages: Early PlayInEditor Detection: Level '/Game/StarterContent/Maps/Minimal_Default.Minimal_Default:PersistentLevel' has LevelScriptBlueprint '/Game/StarterContent/Maps/Minimal_Default.Minimal_Default:PersistentLevel.Minimal_Default' with GeneratedClass '/Game/StarterContent/Maps/Minimal_Default.Minimal_Default_C' with ClassGeneratedBy '/Game/StarterContent/Maps/Minimal_Default.Minimal_Default:PersistentLevel.Minimal_Default'
[2017.09.20-10.15.47:961][228]LogPlayLevel: PlayLevel: No blueprints needed recompiling
[2017.09.20-10.15.48:053][228]PIE: New page: PIE session: Minimal_Default (21 Sep 2017 6:15:48 am)
[2017.09.20-10.15.48:108][228]LogPlayLevel: Creating play world package: /Game/StarterContent/Maps/UEDPIE_0_Minimal_Default
[2017.09.20-10.15.48:225][228]LogPlayLevel: PIE: StaticDuplicateObject took: (0.116779s)
[2017.09.20-10.15.48:225][228]LogAIModule: Creating AISystem for world Minimal_Default
[2017.09.20-10.15.48:233][228]LogPlayLevel: PIE: World Init took: (0.008613s)
[2017.09.20-10.15.48:251][228]LogPlayLevel: PIE: Created PIE world by copying editor world from /Game/StarterContent/Maps/Minimal_Default.Minimal_Default to /Game/StarterContent/Maps/UEDPIE_0_Minimal_Default.Minimal_Default (0.151526s)
[2017.09.20-10.15.48:330][228]LogInit: XAudio2 using 'Speakers (Realtek High Definition Audio)' : 2 channels at 48 kHz using 32 bits per sample (channel mask 0x3)
[2017.09.20-10.15.48:342][228]LogInit: FAudioDevice initialized.
[2017.09.20-10.15.48:446][228]LogLoad: Game class is 'GameModeBase'
[2017.09.20-10.15.48:543][228]LogWorld: Bringing World /Game/StarterContent/Maps/UEDPIE_0_Minimal_Default.Minimal_Default up for play (max tick rate 0) at 2017.09.20-20.15.48
[2017.09.20-10.15.48:549][228]LogWorld: Bringing up level for play took: 0.008201
[2017.09.20-10.15.48:786][228]LogContentBrowser: Native class hierarchy updated for 'MovieSceneCapture' in 0.0007 seconds. Added 11 classes and 0 folders.
[2017.09.20-10.15.48:868][228]PIE: Info Play in editor start time for /Game/StarterContent/Maps/UEDPIE_0_Minimal_Default 1.808
[2017.09.20-10.15.48:868][228]LogBlueprintUserMessages: Late PlayInEditor Detection: Level '/Game/StarterContent/Maps/Minimal_Default.Minimal_Default:PersistentLevel' has LevelScriptBlueprint '/Game/StarterContent/Maps/Minimal_Default.Minimal_Default:PersistentLevel.Minimal_Default' with GeneratedClass '/Game/StarterContent/Maps/Minimal_Default.Minimal_Default_C' with ClassGeneratedBy '/Game/StarterContent/Maps/Minimal_Default.Minimal_Default:PersistentLevel.Minimal_Default'
[2017.09.20-10.15.53:370][700]LogBlueprintUserMessages: Early EndPlayMap Detection: Level '/Game/StarterContent/Maps/Minimal_Default.Minimal_Default:PersistentLevel' has LevelScriptBlueprint '/Game/StarterContent/Maps/Minimal_Default.Minimal_Default:PersistentLevel.Minimal_Default' with GeneratedClass '/Game/StarterContent/Maps/Minimal_Default.Minimal_Default_C' with ClassGeneratedBy '/Game/StarterContent/Maps/Minimal_Default.Minimal_Default:PersistentLevel.Minimal_Default'
[2017.09.20-10.15.53:494][700]LogBlueprintUserMessages: Late EndPlayMap Detection: Level '/Game/StarterContent/Maps/Minimal_Default.Minimal_Default:PersistentLevel' has LevelScriptBlueprint '/Game/StarterContent/Maps/Minimal_Default.Minimal_Default:PersistentLevel.Minimal_Default' with GeneratedClass '/Game/StarterContent/Maps/Minimal_Default.Minimal_Default_C' with ClassGeneratedBy '/Game/StarterContent/Maps/Minimal_Default.Minimal_Default:PersistentLevel.Minimal_Default'
[2017.09.20-10.15.55:955][932]LogWindowsTextInputMethodSystem:Display: IME system now deactivated.
[2017.09.20-10.15.56:620][933]Cmd: QUIT_EDITOR
[2017.09.20-10.15.57:057][933]LogExit: Preparing to exit.
[2017.09.20-10.15.58:234][933]LogDirectoryWatcher: A directory notification for 'C:/Users/New/Documents/GitHub/RPdungeon/Content/' was aborted.
[2017.09.20-10.15.58:403][933]LogExit: Editor shut down
[2017.09.20-10.15.58:407][933]LogExit: Transaction tracking system shut down
[2017.09.20-10.15.59:901][933]LogObj: Freed 0b from 0 cluster array pools.
[2017.09.20-10.15.59:901][933]LogExit: Object subsystem successfully closed.
[2017.09.20-10.16.00:045][933]LogD3D11RHI: Shutdown
[2017.09.20-10.16.00:045][933]LogD3D11RHI: CleanupD3DDevice
[2017.09.20-10.16.00:231][933]LogD3D11RHI: ~FD3D11DynamicRHI
[2017.09.20-10.16.01:495][933]LogModuleManager: Shutting down and abandoning module MovieSceneCapture (526)
[2017.09.20-10.16.01:505][933]LogModuleManager: Shutting down and abandoning module HierarchicalLODOutliner (524)
[2017.09.20-10.16.01:505][933]LogModuleManager: Shutting down and abandoning module CrashTracker (522)
[2017.09.20-10.16.01:505][933]LogModuleManager: Shutting down and abandoning module SceneOutliner (520)
[2017.09.20-10.16.01:513][933]LogModuleManager: Shutting down and abandoning module AddContentDialog (518)
[2017.09.20-10.16.01:529][933]LogDirectoryWatcher: A directory notification for 'C:/Program Files/Epic Games/UE_4.16/FeaturePacks/' was aborted.
[2017.09.20-10.16.01:531][933]LogModuleManager: Shutting down and abandoning module WidgetCarousel (517)
[2017.09.20-10.16.01:531][933]LogModuleManager: Shutting down and abandoning module EditorWidgets (514)
[2017.09.20-10.16.01:531][933]LogModuleManager: Shutting down and abandoning module CollectionManager (512)
[2017.09.20-10.16.01:531][933]LogDirectoryWatcher: A directory notification for 'C:/Users/New/Documents/GitHub/RPdungeon/Content/Collections/' was aborted.
[2017.09.20-10.16.01:531][933]LogDirectoryWatcher: A directory notification for 'C:/Users/New/Documents/GitHub/RPdungeon/Content/Developers/New/Collections/' was aborted.
[2017.09.20-10.16.01:531][933]LogDirectoryWatcher: A directory notification for 'C:/Users/New/Documents/GitHub/RPdungeon/Saved/Collections/' was aborted.
[2017.09.20-10.16.01:532][933]LogModuleManager: Shutting down and abandoning module StatsViewer (510)
[2017.09.20-10.16.01:542][933]LogModuleManager: Shutting down and abandoning module FoliageEdit (508)
[2017.09.20-10.16.01:542][933]LogModuleManager: Shutting down and abandoning module LandscapeEditor (506)
[2017.09.20-10.16.01:562][933]LogModuleManager: Shutting down and abandoning module MeshPaintMode (504)
[2017.09.20-10.16.01:562][933]LogModuleManager: Shutting down and abandoning module SceneDepthPickerMode (502)
[2017.09.20-10.16.01:562][933]LogModuleManager: Shutting down and abandoning module ActorPickerMode (500)
[2017.09.20-10.16.01:562][933]LogModuleManager: Shutting down and abandoning module GeometryMode (498)
[2017.09.20-10.16.01:562][933]LogModuleManager: Shutting down and abandoning module TextureAlignMode (496)
[2017.09.20-10.16.01:562][933]LogModuleManager: Shutting down and abandoning module BspMode (494)
[2017.09.20-10.16.01:573][933]LogModuleManager: Shutting down and abandoning module HardwareSurvey (492)
[2017.09.20-10.16.01:590][933]LogModuleManager: Shutting down and abandoning module SequenceRecorderSections (490)
[2017.09.20-10.16.01:599][933]LogModuleManager: Shutting down and abandoning module AutomationWorker (488)
[2017.09.20-10.16.01:607][933]LogModuleManager: Shutting down and abandoning module MatineeToLevelSequence (486)
[2017.09.20-10.16.01:618][933]LogModuleManager: Shutting down and abandoning module LevelSequenceEditor (484)
[2017.09.20-10.16.01:724][933]LogModuleManager: Shutting down and abandoning module PlacementMode (483)
[2017.09.20-10.16.01:724][933]LogModuleManager: Shutting down and abandoning module WmfMediaFactory (480)
[2017.09.20-10.16.01:724][933]LogModuleManager: Shutting down and abandoning module WmfMediaEditor (478)
[2017.09.20-10.16.01:724][933]LogModuleManager: Shutting down and abandoning module AvfMediaFactory (476)
[2017.09.20-10.16.01:724][933]LogModuleManager: Shutting down and abandoning module AvfMediaEditor (474)
[2017.09.20-10.16.01:724][933]LogModuleManager: Shutting down and abandoning module AndroidMediaFactory (472)
[2017.09.20-10.16.01:724][933]LogModuleManager: Shutting down and abandoning module Media (471)
[2017.09.20-10.16.01:724][933]LogModuleManager: Shutting down and abandoning module AndroidMediaEditor (468)
[2017.09.20-10.16.01:724][933]LogModuleManager: Shutting down and abandoning module CharacterAI (466)
[2017.09.20-10.16.01:724][933]LogModuleManager: Shutting down and abandoning module AudioCapture (464)
[2017.09.20-10.16.01:750][933]LogModuleManager: Shutting down and abandoning module SequenceRecorder (463)
[2017.09.20-10.16.01:765][933]LogModuleManager: Shutting down and abandoning module SmartSnapping (460)
[2017.09.20-10.16.01:765][933]LogModuleManager: Shutting down and abandoning module SessionServices (458)
[2017.09.20-10.16.01:765][933]LogModuleManager: Shutting down and abandoning module ViewportSnapping (456)
[2017.09.20-10.16.01:765][933]LogModuleManager: Shutting down and abandoning module ViewportInteraction (454)
[2017.09.20-10.16.01:765][933]LogModuleManager: Shutting down and abandoning module ClothPainter (452)
[2017.09.20-10.16.01:798][933]LogModuleManager: Shutting down and abandoning module LogVisualizer (450)
[2017.09.20-10.16.01:819][933]LogModuleManager: Shutting down and abandoning module IntroTutorials (448)
[2017.09.20-10.16.01:832][933]LogModuleManager: Shutting down and abandoning module GameProjectGeneration (447)
[2017.09.20-10.16.01:848][933]LogModuleManager: Shutting down and abandoning module EditorLiveStreaming (444)
[2017.09.20-10.16.01:848][933]LogModuleManager: Shutting down and abandoning module IOSPlatformEditor (442)
[2017.09.20-10.16.01:871][933]LogModuleManager: Shutting down and abandoning module HTML5PlatformEditor (440)
[2017.09.20-10.16.01:871][933]LogModuleManager: Shutting down and abandoning module AndroidPlatformEditor (438)
[2017.09.20-10.16.01:871][933]LogModuleManager: Shutting down and abandoning module AndroidDeviceDetection (437)
[2017.09.20-10.16.02:197][933]LogModuleManager: Shutting down and abandoning module IOSRuntimeSettings (434)
[2017.09.20-10.16.02:197][933]LogModuleManager: Shutting down and abandoning module AndroidRuntimeSettings (432)
[2017.09.20-10.16.02:197][933]LogModuleManager: Shutting down and abandoning module InputBindingEditor (430)
[2017.09.20-10.16.02:214][933]LogModuleManager: Shutting down and abandoning module MergeActors (428)
[2017.09.20-10.16.02:221][933]LogModuleManager: Shutting down and abandoning module SizeMap (426)
[2017.09.20-10.16.02:221][933]LogModuleManager: Shutting down and abandoning module TreeMap (424)
[2017.09.20-10.16.02:235][933]LogModuleManager: Shutting down and abandoning module ReferenceViewer (422)
[2017.09.20-10.16.02:245][933]LogModuleManager: Shutting down and abandoning module LocalizationDashboard (420)
[2017.09.20-10.16.02:265][933]LogModuleManager: Shutting down and abandoning module LocalizationService (419)
[2017.09.20-10.16.02:275][933]LogModuleManager: Shutting down and abandoning module HardwareTargeting (416)
[2017.09.20-10.16.02:275][933]LogModuleManager: Shutting down and abandoning module DeviceProfileEditor (414)
[2017.09.20-10.16.02:285][933]LogModuleManager: Shutting down and abandoning module UndoHistory (412)
[2017.09.20-10.16.02:297][933]LogModuleManager: Shutting down and abandoning module UserFeedback (410)
[2017.09.20-10.16.02:297][933]LogModuleManager: Shutting down and abandoning module XmlParser (408)
[2017.09.20-10.16.02:310][933]LogModuleManager: Shutting down and abandoning module Blutility (406)
[2017.09.20-10.16.02:321][933]LogModuleManager: Shutting down and abandoning module ProjectSettingsViewer (404)
[2017.09.20-10.16.02:321][933]LogModuleManager: Shutting down and abandoning module ProjectTargetPlatformEditor (403)
[2017.09.20-10.16.02:322][933]LogModuleManager: Shutting down and abandoning module EditorSettingsViewer (400)
[2017.09.20-10.16.02:322][933]LogModuleManager: Shutting down and abandoning module SettingsEditor (398)
[2017.09.20-10.16.02:398][933]LogModuleManager: Shutting down and abandoning module ProjectLauncher (396)
[2017.09.20-10.16.02:467][933]LogModuleManager: Shutting down and abandoning module SessionFrontend (394)
[2017.09.20-10.16.02:478][933]LogModuleManager: Shutting down and abandoning module ProfilerClient (392)
[2017.09.20-10.16.02:492][933]LogModuleManager: Shutting down and abandoning module DeviceManager (390)
[2017.09.20-10.16.02:511][933]LogModuleManager: Shutting down and abandoning module TargetDeviceServices (389)
[2017.09.20-10.16.02:577][933]LogModuleManager: Shutting down and abandoning module AutomationController (386)
[2017.09.20-10.16.02:602][933]LogModuleManager: Shutting down and abandoning module AutomationWindow (384)
[2017.09.20-10.16.02:624][933]LogModuleManager: Shutting down and abandoning module Layers (382)
[2017.09.20-10.16.02:650][933]LogModuleManager: Shutting down and abandoning module ComponentVisualizers (380)
[2017.09.20-10.16.02:650][933]LogModuleManager: Shutting down and abandoning module DetailCustomizations (378)
[2017.09.20-10.16.02:666][933]LogModuleManager: Shutting down and abandoning module PackagesDialog (376)
[2017.09.20-10.16.02:675][933]LogModuleManager: Shutting down and abandoning module Persona (374)
[2017.09.20-10.16.02:712][933]LogModuleManager: Shutting down and abandoning module AdvancedPreviewScene (373)
[2017.09.20-10.16.02:712][933]LogModuleManager: Shutting down and abandoning module AnimGraph (371)
[2017.09.20-10.16.02:712][933]LogModuleManager: Shutting down and abandoning module Kismet (368)
[2017.09.20-10.16.02:724][933]LogModuleManager: Shutting down and abandoning module ClassViewer (366)
[2017.09.20-10.16.02:724][933]LogModuleManager: Shutting down and abandoning module Toolbox (364)
[2017.09.20-10.16.02:740][933]LogModuleManager: Shutting down and abandoning module ModuleUI (362)
[2017.09.20-10.16.02:756][933]LogModuleManager: Shutting down and abandoning module MovieSceneTools (360)
[2017.09.20-10.16.02:772][933]LogModuleManager: Shutting down and abandoning module OutputLog (358)
[2017.09.20-10.16.02:790][933]LogModuleManager: Shutting down and abandoning module GammaUI (356)
[2017.09.20-10.16.02:799][933]LogModuleManager: Shutting down and abandoning module Documentation (354)
[2017.09.20-10.16.02:799][933]LogModuleManager: Shutting down and abandoning module MovieSceneTracks (352)
[2017.09.20-10.16.02:799][933]LogModuleManager: Shutting down and abandoning module MovieScene (350)
[2017.09.20-10.16.02:799][933]LogModuleManager: Shutting down and abandoning module Niagara (348)
[2017.09.20-10.16.02:799][933]LogModuleManager: Shutting down and abandoning module NiagaraEditor (347)
[2017.09.20-10.16.02:843][933]LogModuleManager: Shutting down and abandoning module StreamingPauseRendering (344)
[2017.09.20-10.16.02:843][933]LogModuleManager: Shutting down and abandoning module AnalyticsET (342)
[2017.09.20-10.16.02:843][933]LogModuleManager: Shutting down and abandoning module PortalServices (340)
[2017.09.20-10.16.02:843][933]LogModuleManager: Shutting down and abandoning module PortalRpc (338)
[2017.09.20-10.16.02:843][933]LogModuleManager: Shutting down and abandoning module MessagingRpc (336)
[2017.09.20-10.16.02:844][933]LogModuleManager: Shutting down and abandoning module AIModule (334)
[2017.09.20-10.16.02:844][933]LogModuleManager: Shutting down and abandoning module GameplayDebugger (333)
[2017.09.20-10.16.02:844][933]LogModuleManager: Shutting down and abandoning module AITestSuite (331)
[2017.09.20-10.16.02:857][933]LogModuleManager: Shutting down and abandoning module ProfilerService (328)
[2017.09.20-10.16.03:056][933]LogModuleManager: Shutting down and abandoning module TaskGraph (326)
[2017.09.20-10.16.03:079][933]LogModuleManager: Shutting down and abandoning module SteamVRController (324)
[2017.09.20-10.16.03:079][933]LogModuleManager: Shutting down and abandoning module SteamVR (322)
[2017.09.20-10.16.03:079][933]LogModuleManager: Shutting down and abandoning module ProceduralMeshComponentEditor (320)
[2017.09.20-10.16.03:091][933]LogModuleManager: Shutting down and abandoning module ProceduralMeshComponent (318)
[2017.09.20-10.16.03:121][933]LogModuleManager: Shutting down and abandoning module OculusLibrary (316)
[2017.09.20-10.16.03:121][933]LogModuleManager: Shutting down and abandoning module OculusInput (314)
[2017.09.20-10.16.03:121][933]LogModuleManager: Shutting down and abandoning module MobilePatchingUtils (312)
[2017.09.20-10.16.03:121][933]LogModuleManager: Shutting down and abandoning module CustomMeshComponent (310)
[2017.09.20-10.16.03:121][933]LogModuleManager: Shutting down and abandoning module CableComponent (308)
[2017.09.20-10.16.03:151][933]LogModuleManager: Shutting down and abandoning module ArchVisCharacter (306)
[2017.09.20-10.16.03:151][933]LogModuleManager: Shutting down and abandoning module AndroidPermission (304)
[2017.09.20-10.16.03:151][933]LogModuleManager: Shutting down and abandoning module MediaPlayerEditor (300)
[2017.09.20-10.16.03:189][933]LogModuleManager: Shutting down and abandoning module HTML5Networking (298)
[2017.09.20-10.16.03:190][933]LogModuleManager: Shutting down and abandoning module AlembicImporter (296)
[2017.09.20-10.16.03:197][933]LogModuleManager: Shutting down and abandoning module AlembicLibrary (295)
[2017.09.20-10.16.03:197][933]LogModuleManager: Shutting down and abandoning module GeometryCache (294)
[2017.09.20-10.16.03:210][933]LogModuleManager: Shutting down and abandoning module GeometryCacheEd (293)
[2017.09.20-10.16.03:210][933]LogModuleManager: Shutting down and abandoning module SuperSearchEditor (288)
[2017.09.20-10.16.03:210][933]LogModuleManager: Shutting down and abandoning module SuperSearch (287)
[2017.09.20-10.16.03:210][933]LogModuleManager: Shutting down and abandoning module SpeedTreeImporter (284)
[2017.09.20-10.16.03:210][933]LogModuleManager: Shutting down and abandoning module PluginBrowser (282)
[2017.09.20-10.16.03:249][933]LogModuleManager: Shutting down and abandoning module MobileLauncherProfileWizard (280)
[2017.09.20-10.16.03:268][933]LogModuleManager: Shutting down and abandoning module VisualStudioSourceCodeAccess (278)
[2017.09.20-10.16.03:268][933]LogModuleManager: Shutting down and abandoning module DesktopPlatform (277)
[2017.09.20-10.16.03:268][933]LogModuleManager: Shutting down and abandoning module UObjectPlugin (274)
[2017.09.20-10.16.03:268][933]LogModuleManager: Shutting down and abandoning module SubversionSourceControl (272)
[2017.09.20-10.16.03:278][933]LogModuleManager: Shutting down and abandoning module PerforceSourceControl (270)
[2017.09.20-10.16.03:294][933]LogModuleManager: Shutting down and abandoning module GitSourceControl (268)
[2017.09.20-10.16.03:294][933]LogModuleManager: Shutting down and abandoning module SourceControl (267)
[2017.09.20-10.16.03:294][933]LogModuleManager: Shutting down and abandoning module LightPropagationVolumeEditor (264)
[2017.09.20-10.16.03:294][933]LogModuleManager: Shutting down and abandoning module PaperTiledImporter (262)
[2017.09.20-10.16.03:294][933]LogModuleManager: Shutting down and abandoning module PaperSpriteSheetImporter (260)
[2017.09.20-10.16.03:294][933]LogModuleManager: Shutting down and abandoning module Paper2DEditor (258)
[2017.09.20-10.16.03:374][933]LogModuleManager: Shutting down and abandoning module MeshPaint (257)
[2017.09.20-10.16.03:386][933]LogModuleManager: Shutting down and abandoning module LevelEditor (255)
[2017.09.20-10.16.03:387][933]LogModuleManager: Shutting down and abandoning module PixelInspectorModule (254)
[2017.09.20-10.16.03:415][933]LogModuleManager: Shutting down and abandoning module MainFrame (252)
[2017.09.20-10.16.03:438][933]LogModuleManager: Shutting down and abandoning module HotReload (251)
[2017.09.20-10.16.03:444][933]LogModuleManager: Shutting down and abandoning module PhysXVehiclesEditor (246)
[2017.09.20-10.16.03:451][933]LogModuleManager: Shutting down and abandoning module PhysXVehicles (244)
[2017.09.20-10.16.03:451][933]LogModuleManager: Shutting down and abandoning module LocationServicesBPLibrary (242)
[2017.09.20-10.16.03:451][933]LogModuleManager: Shutting down and abandoning module ImmediatePhysicsEditor (240)
[2017.09.20-10.16.03:451][933]LogModuleManager: Shutting down and abandoning module ImmediatePhysics (238)
[2017.09.20-10.16.03:474][933]LogModuleManager: Shutting down and abandoning module UdpMessaging (236)
[2017.09.20-10.16.03:575][933]LogModuleManager: Shutting down and abandoning module TcpMessaging (234)
[2017.09.20-10.16.03:707][933]LogModuleManager: Shutting down and abandoning module GameplayTagsEditor (232)
[2017.09.20-10.16.03:734][933]LogModuleManager: Shutting down and abandoning module FacialAnimationEditor (230)
[2017.09.20-10.16.03:744][933]LogModuleManager: Shutting down and abandoning module FacialAnimation (228)
[2017.09.20-10.16.03:744][933]LogModuleManager: Shutting down and abandoning module AssetManagerEditor (226)
[2017.09.20-10.16.03:757][933]LogModuleManager: Shutting down and abandoning module GraphEditor (225)
[2017.09.20-10.16.03:791][933]LogModuleManager: Shutting down and abandoning module ContentBrowser (223)
[2017.09.20-10.16.03:791][933]LogModuleManager: Shutting down and abandoning module LightPropagationVolumeRuntime (220)
[2017.09.20-10.16.03:791][933]LogModuleManager: Shutting down and abandoning module Paper2D (218)
[2017.09.20-10.16.03:801][933]LogModuleManager: Shutting down and abandoning module WindowsMoviePlayer (216)
[2017.09.20-10.16.03:801][933]LogModuleManager: Shutting down and abandoning module WmfMedia (214)
[2017.09.20-10.16.03:817][933]LogModuleManager: Shutting down and abandoning module ClothingSystemEditor (212)
[2017.09.20-10.16.03:817][933]LogModuleManager: Shutting down and abandoning module ClothingSystemRuntime (210)
[2017.09.20-10.16.03:834][933]LogModuleManager: Shutting down and abandoning module MediaAssets (208)
[2017.09.20-10.16.03:834][933]LogModuleManager: Shutting down and abandoning module GameLiveStreaming (206)
[2017.09.20-10.16.03:841][933]LogModuleManager: Shutting down and abandoning module VREditor (204)
[2017.09.20-10.16.03:853][933]LogModuleManager: Shutting down and abandoning module StringTableEditor (202)
[2017.09.20-10.16.03:876][933]LogModuleManager: Shutting down and abandoning module GameplayTasksEditor (200)
[2017.09.20-10.16.03:876][933]LogModuleManager: Shutting down and abandoning module BehaviorTreeEditor (198)
[2017.09.20-10.16.03:898][933]LogModuleManager: Shutting down and abandoning module FunctionalTesting (196)
[2017.09.20-10.16.03:898][933]LogModuleManager: Shutting down and abandoning module CollisionAnalyzer (194)
[2017.09.20-10.16.03:919][933]LogModuleManager: Shutting down and abandoning module UMG (192)
[2017.09.20-10.16.03:929][933]LogModuleManager: Shutting down and abandoning module UMGEditor (191)
[2017.09.20-10.16.03:961][933]LogModuleManager: Shutting down and abandoning module Sequencer (190)
[2017.09.20-10.16.03:970][933]LogModuleManager: Shutting down and abandoning module AssetTools (188)
[2017.09.20-10.16.04:017][933]LogModuleManager: Shutting down and abandoning module MessageLog (187)
[2017.09.20-10.16.04:017][933]LogModuleManager: Shutting down and abandoning module WorkspaceMenuStructure (186)
[2017.09.20-10.16.04:017][933]LogModuleManager: Shutting down and abandoning module SlateReflector (180)
[2017.09.20-10.16.04:037][933]LogModuleManager: Shutting down and abandoning module Slate (178)
[2017.09.20-10.16.04:037][933]LogModuleManager: Shutting down and abandoning module EditorStyle (176)
[2017.09.20-10.16.04:039][933]LogModuleManager: Shutting down and abandoning module SourceCodeAccess (174)
[2017.09.20-10.16.04:039][933]LogModuleManager: Shutting down and abandoning module HeadMountedDisplay (172)
[2017.09.20-10.16.04:039][933]LogModuleManager: Shutting down and abandoning module XAudio2 (170)
[2017.09.20-10.16.04:039][933]LogModuleManager: Shutting down and abandoning module Networking (168)
[2017.09.20-10.16.04:039][933]LogModuleManager: Shutting down and abandoning module Core (164)
[2017.09.20-10.16.04:039][933]LogModuleManager: Shutting down and abandoning module AssetRegistry (162)
[2017.09.20-10.16.04:235][933]LogDirectoryWatcher: A directory notification for '../../../Engine/Content/' was aborted.
[2017.09.20-10.16.04:235][933]LogDirectoryWatcher: A directory notification for '../../../../../../Users/New/Documents/GitHub/RPdungeon/Content/' was aborted.
[2017.09.20-10.16.04:235][933]LogDirectoryWatcher: A directory notification for '../../../Engine/Plugins/2D/Paper2D/Content/' was aborted.
[2017.09.20-10.16.04:235][933]LogDirectoryWatcher: A directory notification for '../../../Engine/Plugins/Runtime/GearVR/Content/' was aborted.
[2017.09.20-10.16.04:268][933]LogModuleManager: Shutting down and abandoning module DirectoryWatcher (161)
[2017.09.20-10.16.04:269][933]LogModuleManager: Shutting down and abandoning module KismetCompiler (158)
[2017.09.20-10.16.04:269][933]LogModuleManager: Shutting down and abandoning module LevelSequence (156)
[2017.09.20-10.16.04:269][933]LogModuleManager: Shutting down and abandoning module PhysXFormats (154)
[2017.09.20-10.16.04:269][933]LogModuleManager: Shutting down and abandoning module MeshUtilities (152)
[2017.09.20-10.16.04:287][933]LogModuleManager: Shutting down and abandoning module SimplygonSwarm (151)
[2017.09.20-10.16.04:307][933]LogModuleManager: Shutting down and abandoning module SimplygonMeshReduction (149)
[2017.09.20-10.16.04:308][933]LogModuleManager: Shutting down and abandoning module QuadricMeshReduction (147)
[2017.09.20-10.16.04:321][933]LogModuleManager: Shutting down and abandoning module DerivedDataCache (144)
[2017.09.20-10.16.04:327][933]LogDerivedDataCache: Shutdown
[2017.09.20-10.16.04:327][933]LogModuleManager: Shutting down and abandoning module TargetPlatform (142)
[2017.09.20-10.16.04:327][933]LogModuleManager: Shutting down and abandoning module VulkanShaderFormat (141)
[2017.09.20-10.16.04:352][933]LogModuleManager: Shutting down and abandoning module ShaderFormatVectorVM (139)
[2017.09.20-10.16.04:362][933]LogModuleManager: Shutting down and abandoning module ShaderFormatOpenGL (137)
[2017.09.20-10.16.04:369][933]LogModuleManager: Shutting down and abandoning module ShaderFormatD3D (135)
[2017.09.20-10.16.04:369][933]LogModuleManager: Shutting down and abandoning module MetalShaderFormat (133)
[2017.09.20-10.16.04:382][933]LogModuleManager: Shutting down and abandoning module TextureFormatUncompressed (131)
[2017.09.20-10.16.04:382][933]LogModuleManager: Shutting down and abandoning module TextureFormatPVR (129)
[2017.09.20-10.16.04:382][933]LogModuleManager: Shutting down and abandoning module TextureFormatDXT (127)
[2017.09.20-10.16.04:382][933]LogModuleManager: Shutting down and abandoning module TextureFormatIntelISPCTexComp (125)
[2017.09.20-10.16.04:382][933]LogModuleManager: Shutting down and abandoning module TextureFormatASTC (123)
[2017.09.20-10.16.04:382][933]LogModuleManager: Shutting down and abandoning module ImageWrapper (122)
[2017.09.20-10.16.04:382][933]LogModuleManager: Shutting down and abandoning module TextureFormatAndroid (119)
[2017.09.20-10.16.04:382][933]LogModuleManager: Shutting down and abandoning module AudioFormatOpus (117)
[2017.09.20-10.16.04:382][933]LogModuleManager: Shutting down and abandoning module AudioFormatOgg (115)
[2017.09.20-10.16.04:382][933]LogModuleManager: Shutting down and abandoning module AudioFormatADPCM (113)
[2017.09.20-10.16.04:382][933]LogModuleManager: Shutting down and abandoning module LinuxTargetPlatform (111)
[2017.09.20-10.16.04:382][933]LogModuleManager: Shutting down and abandoning module LinuxServerTargetPlatform (109)
[2017.09.20-10.16.04:382][933]LogModuleManager: Shutting down and abandoning module LinuxNoEditorTargetPlatform (107)
[2017.09.20-10.16.04:382][933]LogModuleManager: Shutting down and abandoning module LinuxClientTargetPlatform (105)
[2017.09.20-10.16.04:382][933]LogModuleManager: Shutting down and abandoning module TVOSTargetPlatform (103)
[2017.09.20-10.16.04:382][933]LogModuleManager: Shutting down and abandoning module Messaging (101)
[2017.09.20-10.16.04:382][933]LogModuleManager: Shutting down and abandoning module IOSTargetPlatform (99)
[2017.09.20-10.16.04:382][933]LogModuleManager: Shutting down and abandoning module HTML5TargetPlatform (97)
[2017.09.20-10.16.04:382][933]LogModuleManager: Shutting down and abandoning module Android_PVRTCTargetPlatform (95)
[2017.09.20-10.16.04:382][933]LogModuleManager: Shutting down and abandoning module Android_MultiTargetPlatform (93)
[2017.09.20-10.16.04:382][933]LogModuleManager: Shutting down and abandoning module Android_ETC2TargetPlatform (91)
[2017.09.20-10.16.04:382][933]LogModuleManager: Shutting down and abandoning module Android_ETC1TargetPlatform (89)
[2017.09.20-10.16.04:382][933]LogModuleManager: Shutting down and abandoning module Android_DXTTargetPlatform (87)
[2017.09.20-10.16.04:382][933]LogModuleManager: Shutting down and abandoning module Android_ATCTargetPlatform (85)
[2017.09.20-10.16.04:382][933]LogModuleManager: Shutting down and abandoning module Android_ASTCTargetPlatform (83)
[2017.09.20-10.16.04:382][933]LogModuleManager: Shutting down and abandoning module AndroidTargetPlatform (81)
[2017.09.20-10.16.04:382][933]LogModuleManager: Shutting down and abandoning module WindowsTargetPlatform (79)
[2017.09.20-10.16.04:382][933]LogModuleManager: Shutting down and abandoning module WindowsServerTargetPlatform (77)
[2017.09.20-10.16.04:382][933]LogModuleManager: Shutting down and abandoning module WindowsNoEditorTargetPlatform (75)
[2017.09.20-10.16.04:382][933]LogModuleManager: Shutting down and abandoning module WindowsClientTargetPlatform (73)
[2017.09.20-10.16.04:382][933]LogModuleManager: Shutting down and abandoning module MacTargetPlatform (71)
[2017.09.20-10.16.04:382][933]LogModuleManager: Shutting down and abandoning module MacServerTargetPlatform (69)
[2017.09.20-10.16.04:382][933]LogModuleManager: Shutting down and abandoning module MacNoEditorTargetPlatform (67)
[2017.09.20-10.16.04:382][933]LogModuleManager: Shutting down and abandoning module MacClientTargetPlatform (65)
[2017.09.20-10.16.04:383][933]LogModuleManager: Shutting down and abandoning module AllDesktopTargetPlatform (63)
[2017.09.20-10.16.04:383][933]LogModuleManager: Shutting down and abandoning module InputCore (60)
[2017.09.20-10.16.04:383][933]LogModuleManager: Shutting down and abandoning module Settings (58)
[2017.09.20-10.16.04:383][933]LogModuleManager: Shutting down and abandoning module OculusRift (56)
[2017.09.20-10.16.04:390][933]LogModuleManager: Shutting down and abandoning module GearVRController (54)
[2017.09.20-10.16.04:390][933]LogModuleManager: Shutting down and abandoning module GearVR (52)
[2017.09.20-10.16.04:407][933]LogModuleManager: Shutting down and abandoning module ExampleDeviceProfileSelector (50)
[2017.09.20-10.16.04:407][933]LogModuleManager: Shutting down and abandoning module OnlineBlueprintSupport (48)
[2017.09.20-10.16.04:407][933]LogModuleManager: Shutting down and abandoning module OnlineSubsystem (44)
[2017.09.20-10.16.04:407][933]LogOnline:Display: Unloading online subsystem: NULL
[2017.09.20-10.16.04:439][933]LogModuleManager: Shutting down and abandoning module XMPP (43)
[2017.09.20-10.16.04:455][933]LogModuleManager: Shutting down and abandoning module HTTP (41)
[2017.09.20-10.16.04:455][933]LogHttp:Display: Http module shutting down, but needs to wait on 1 outstanding Http requests:
[2017.09.20-10.16.04:467][933]LogHttp:Display: 	verb=[POST] url=[https://datarouter.ol.epicgames.com/datarouter/api/v1/public/data?SessionID=%7BBCFA4676-42D1-2A78-4FC3-B397E669C386%7D&AppID=UEEditor.Rocket.Release&AppVersion=4.16.1-3466753%2B%2B%2BUE4%2BRelease-4.16&UserID=e8a402dd4bdf78f9e9dbd0b072cd8c47%7Cedd93657fdc24fcd94b93987aa668676%7C37648efa-bc1f-4bc9-ba3d-5208314f662f&AppEnvironment=datacollector-binary&UploadType=eteventstream] status=Processing
[2017.09.20-10.16.04:482][933]LogModuleManager: Shutting down and abandoning module SSL (40)
[2017.09.20-10.16.04:490][933]LogModuleManager: Shutting down and abandoning module HTTPChunkInstaller (36)
[2017.09.20-10.16.04:505][933]LogModuleManager: Shutting down and abandoning module AnimationModifiers (34)
[2017.09.20-10.16.04:515][933]LogModuleManager: Shutting down and abandoning module PropertyEditor (33)
[2017.09.20-10.16.04:515][933]LogModuleManager: Shutting down and abandoning module AudioEditor (30)
[2017.09.20-10.16.04:526][933]LogModuleManager: Shutting down and abandoning module TextureCompressor (28)
[2017.09.20-10.16.04:526][933]LogModuleManager: Shutting down and abandoning module ShaderCore (26)
[2017.09.20-10.16.04:526][933]LogModuleManager: Shutting down and abandoning module Landscape (24)
[2017.09.20-10.16.04:526][933]LogModuleManager: Shutting down and abandoning module SlateRHIRenderer (22)
[2017.09.20-10.16.04:542][933]LogModuleManager: Shutting down and abandoning module OpenGLDrv (20)
[2017.09.20-10.16.04:556][933]LogModuleManager: Shutting down and abandoning module D3D11RHI (18)
[2017.09.20-10.16.04:556][933]LogModuleManager: Shutting down and abandoning module AnimGraphRuntime (16)
[2017.09.20-10.16.04:564][933]LogModuleManager: Shutting down and abandoning module Renderer (14)
[2017.09.20-10.16.04:564][933]LogModuleManager: Shutting down and abandoning module Engine (12)
[2017.09.20-10.16.04:564][933]LogModuleManager: Shutting down and abandoning module CoreUObject (10)
[2017.09.20-10.16.04:564][933]LogModuleManager: Shutting down and abandoning module NetworkFile (8)
[2017.09.20-10.16.04:564][933]LogModuleManager: Shutting down and abandoning module StreamingFile (6)
[2017.09.20-10.16.04:564][933]LogModuleManager: Shutting down and abandoning module SandboxFile (4)
[2017.09.20-10.16.04:564][933]LogModuleManager: Shutting down and abandoning module PakFile (2)
[2017.09.20-10.16.04:575][933]LogExit: Exiting.
[2017.09.20-10.16.04:590][933]Log file closed, 09/20/17 20:16:04
