Log file open, 09/20/17 19:00:54
LogInit:Display: Running engine for game: RPDungeon
LogPlatformFile: Not using cached read wrapper
LogInit:Display: RandInit(1884693890) SRandInit(1884693890).
LogTaskGraph: Started task graph with 5 named threads and 8 total threads with 1 sets of task threads.
LogStats: Stats thread started at 0.095855
LogInit: Using libcurl 7.47.1
LogInit:  - built for x86_64-pc-win32
LogInit:  - supports SSL with OpenSSL/1.0.2g
LogInit:  - supports HTTP deflate (compression) using libz 1.2.8
LogInit:  - other features:
LogInit:      CURL_VERSION_SSL
LogInit:      CURL_VERSION_LIBZ
LogInit:      CURL_VERSION_IPV6
LogInit:      CURL_VERSION_ASYNCHDNS
LogInit:      CURL_VERSION_LARGEFILE
LogInit:      CURL_VERSION_IDN
LogInit:  CurlRequestOptions (configurable via config and command line):
LogInit:  - bVerifyPeer = false  - Libcurl will NOT verify peer certificate
LogInit:  - bUseHttpProxy = false  - Libcurl will NOT use HTTP proxy
LogInit:  - bDontReuseConnections = false  - Libcurl will reuse connections
LogInit:  - CertBundlePath = nullptr  - Libcurl will use whatever was configured at build time.
LogInit: Build: ++UE4+Release-4.16-CL-3514769
LogInit: Engine Version: 4.16.2-3514769+++UE4+Release-4.16
LogInit: Compatible Engine Version: 4.16.0-3452394+++UE4+Release-4.16
LogInit: Net CL: 3452394
LogDevObjectVersion: Number of dev versions registered: 16
LogDevObjectVersion:   Dev-Blueprints (B0D832E4-1F89-4F0D-ACCF-7EB736FD4AA2): 9
LogDevObjectVersion:   Dev-Build (E1C64328-A22C-4D53-A36C-8E866417BD8C): 0
LogDevObjectVersion:   Dev-Core (375EC13C-06E4-48FB-B500-84F0262A717E): 2
LogDevObjectVersion:   Dev-Editor (E4B068ED-F494-42E9-A231-DA0B2E46BB41): 17
LogDevObjectVersion:   Dev-Framework (CFFC743F-43B0-4480-9391-14DF171D2073): 23
LogDevObjectVersion:   Dev-Mobile (B02B49B5-BB20-44E9-A304-32B752E40360): 0
LogDevObjectVersion:   Dev-Networking (A4E4105C-59A1-49B5-A7C5-40C4547EDFEE): 0
LogDevObjectVersion:   Dev-Online (39C831C9-5AE6-47DC-9A44-9C173E1C8E7C): 0
LogDevObjectVersion:   Dev-Physics (78F01B33-EBEA-4F98-B9B4-84EACCB95AA2): 0
LogDevObjectVersion:   Dev-Platform (6631380F-2D4D-43E0-8009-CF276956A95A): 0
LogDevObjectVersion:   Dev-Rendering (12F88B9F-8875-4AFC-A67C-D90C383ABD29): 15
LogDevObjectVersion:   Dev-Sequencer (7B5AE74C-D270-4C10-A958-57980B212A5A): 4
LogDevObjectVersion:   Dev-VR (D7296918-1DD6-4BDD-9DE2-64A83CC13884): 0
LogDevObjectVersion:   Dev-LoadTimes (C2A15278-BFE7-4AFE-6C17-90FF531DF755): 1
LogDevObjectVersion:   Private-Geometry (6EACA3D4-40EC-4CC1-B786-8BED09428FC5): 1
LogDevObjectVersion:   Dev-AnimPhys (29E575DD-E0A3-4627-9D10-D276232CDCEA): 3
LogInit: Compiled (64-bit): Jun 29 2017 02:03:24
LogInit: Compiled with Visual C++: 19.00.24215.01
LogInit: Build Configuration: Development
LogInit: Branch Name: ++UE4+Release-4.16
LogInit: Command line:  
LogInit: Base directory: C:/Program Files/Epic Games/UE_4.16/Engine/Binaries/Win64/
LogInit: Installed Engine Build: 1
LogInit: Presizing for max 8388607 objects, including 0 objects not considered by GC, pre-allocating 0 bytes for permanent pool.
LogInit: Object subsystem initialized
[2017.09.20-09.00.55:581][  0]LogInit: Selected Device Profile: [Windows]
[2017.09.20-09.00.55:581][  0]LogInit: Applying CVar settings loaded from the selected device profile: [Windows]
[2017.09.20-09.00.55:652][  0]LogInit: Computer: TERMINATOR
[2017.09.20-09.00.55:652][  0]LogInit: User: Pixelmaster
[2017.09.20-09.00.55:652][  0]LogInit: CPU Page size=4096, Cores=4
[2017.09.20-09.00.55:652][  0]LogInit: High frequency timer resolution =3.123193 MHz
[2017.09.20-09.00.55:652][  0]LogMemory: Memory total: Physical=7.9GB (8GB approx)
[2017.09.20-09.00.55:652][  0]LogMemory: Platform Memory Stats for Windows
[2017.09.20-09.00.55:652][  0]LogMemory: Process Physical Memory: 273.08 MB used, 273.08 MB peak
[2017.09.20-09.00.55:652][  0]LogMemory: Process Virtual Memory: 267.01 MB used, 267.01 MB peak
[2017.09.20-09.00.55:652][  0]LogMemory: Physical Memory: 5776.36 MB used,  2349.55 MB free, 8125.91 MB total
[2017.09.20-09.00.55:652][  0]LogMemory: Virtual Memory: 643.41 MB used,  2349.55 MB free, 134217728.00 MB total
[2017.09.20-09.00.56:065][  0]LogInit: Using OS detected language (en-GB).
[2017.09.20-09.00.56:065][  0]LogInit: Using OS detected locale (en-AU).
[2017.09.20-09.00.56:187][  0]LogTextLocalizationManager: No specific localization for 'en-GB' exists, so the 'en' localization will be used.
[2017.09.20-09.00.58:673][  0]LogD3D11RHI: D3D11 adapters:
[2017.09.20-09.00.58:721][  0]LogD3D11RHI:    0. 'NVIDIA GeForce GTX 750 Ti' (Feature Level 11_0)
[2017.09.20-09.00.58:721][  0]LogD3D11RHI:       2016/0/4062 MB DedicatedVideo/DedicatedSystem/SharedSystem, Outputs:1, VendorId:0x10de
[2017.09.20-09.00.58:723][  0]LogD3D11RHI:    1. 'Microsoft Basic Render Driver' (Feature Level 11_0)
[2017.09.20-09.00.58:723][  0]LogD3D11RHI:       0/0/4062 MB DedicatedVideo/DedicatedSystem/SharedSystem, Outputs:0, VendorId:0x1414
[2017.09.20-09.00.58:723][  0]LogD3D11RHI: Chosen D3D11 Adapter: 0
[2017.09.20-09.00.58:730][  0]LogD3D11RHI: Creating new Direct3DDevice
[2017.09.20-09.00.58:730][  0]LogD3D11RHI:     GPU DeviceId: 0x1380 (for the marketing name, search the web for "GPU Device Id")
[2017.09.20-09.00.58:730][  0]LogWindows: EnumDisplayDevices:
[2017.09.20-09.00.58:730][  0]LogWindows:    0. 'NVIDIA GeForce GTX 750 Ti' (P:1 D:1)
[2017.09.20-09.00.58:730][  0]LogWindows:    1. 'NVIDIA GeForce GTX 750 Ti' (P:0 D:0)
[2017.09.20-09.00.58:730][  0]LogWindows:    2. 'NVIDIA GeForce GTX 750 Ti' (P:0 D:0)
[2017.09.20-09.00.58:730][  0]LogWindows:    3. 'NVIDIA GeForce GTX 750 Ti' (P:0 D:0)
[2017.09.20-09.00.58:730][  0]LogWindows: DebugString: FoundDriverCount:4 
[2017.09.20-09.00.58:730][  0]LogD3D11RHI:     Adapter Name: NVIDIA GeForce GTX 750 Ti
[2017.09.20-09.00.58:730][  0]LogD3D11RHI:   Driver Version: 376.53 (internal:21.21.13.7653, unified:376.53)
[2017.09.20-09.00.58:730][  0]LogD3D11RHI:      Driver Date: 12-29-2016
[2017.09.20-09.00.58:730][  0]LogRHI: Texture pool is 1361 MB (70% of 1945 MB)
[2017.09.20-09.00.58:744][  0]LogD3D11RHI: Async texture creation enabled
[2017.09.20-09.00.58:755][  0]LogD3D11RHI: GPU Timing Frequency: 1000.000000 (Debug: 2 1)
[2017.09.20-09.00.58:804][  0]LogShaderCompilers: Guid format shader working directory is -4 characters bigger than the processId version (../../../../../../Users/Pixelmaster/Documents/RPDungeon/Intermediate/Shaders/WorkingDirectory/18888/).
[2017.09.20-09.00.58:804][  0]LogShaderCompilers: Cleaned the shader compiler working directory 'C:/Users/Pixelmaster/AppData/Local/Temp/UnrealShaderWorkingDir/DE0461F94604FCED217D07B53E5AA5FD/'.
[2017.09.20-09.00.58:804][  0]LogShaderCompilers:Display: Using Local Shader Compiler.
[2017.09.20-09.01.01:044][  0]LogTemp:Display: Loaded TP AllDesktopTargetPlatform
[2017.09.20-09.01.01:126][  0]LogTemp:Display: Loaded TP MacClientTargetPlatform
[2017.09.20-09.01.01:204][  0]LogTemp:Display: Loaded TP MacNoEditorTargetPlatform
[2017.09.20-09.01.01:275][  0]LogTemp:Display: Loaded TP MacServerTargetPlatform
[2017.09.20-09.01.01:404][  0]LogTemp:Display: Loaded TP MacTargetPlatform
[2017.09.20-09.01.01:504][  0]LogTemp:Display: Loaded TP WindowsClientTargetPlatform
[2017.09.20-09.01.01:608][  0]LogTemp:Display: Loaded TP WindowsNoEditorTargetPlatform
[2017.09.20-09.01.01:701][  0]LogTemp:Display: Loaded TP WindowsServerTargetPlatform
[2017.09.20-09.01.01:809][  0]LogTemp:Display: Loaded TP WindowsTargetPlatform
[2017.09.20-09.01.01:975][  0]LogTemp:Display: Loaded TP AndroidTargetPlatform
[2017.09.20-09.01.02:104][  0]LogTemp:Display: Loaded TP Android_ASTCTargetPlatform
[2017.09.20-09.01.02:197][  0]LogTemp:Display: Loaded TP Android_ATCTargetPlatform
[2017.09.20-09.01.02:287][  0]LogTemp:Display: Loaded TP Android_DXTTargetPlatform
[2017.09.20-09.01.02:379][  0]LogTemp:Display: Loaded TP Android_ETC1TargetPlatform
[2017.09.20-09.01.02:449][  0]LogTemp:Display: Loaded TP Android_ETC2TargetPlatform
[2017.09.20-09.01.02:631][  0]LogTemp:Display: Loaded TP Android_MultiTargetPlatform
[2017.09.20-09.01.02:631][  0]LogTemp:Display: Loaded TP Android_PVRTCTargetPlatform
[2017.09.20-09.01.02:718][  0]LogTemp:Display: Loaded TP HTML5TargetPlatform
[2017.09.20-09.01.02:914][  0]LogTemp:Display: Loaded TP IOSTargetPlatform
[2017.09.20-09.01.02:955][  0]LogTemp:Display: Loaded TP TVOSTargetPlatform
[2017.09.20-09.01.03:060][  0]LogTemp:Display: Loaded TP LinuxClientTargetPlatform
[2017.09.20-09.01.03:216][  0]LogTemp:Display: Loaded TP LinuxNoEditorTargetPlatform
[2017.09.20-09.01.03:339][  0]LogTemp:Display: Loaded TP LinuxServerTargetPlatform
[2017.09.20-09.01.03:482][  0]LogTemp:Display: Loaded TP LinuxTargetPlatform
[2017.09.20-09.01.03:482][  0]LogTargetPlatformManager:Display: Building Assets For Windows
[2017.09.20-09.01.04:917][  0]LogDerivedDataCache:Display: Max Cache Size: 512 MB
[2017.09.20-09.01.06:260][  0]LogDerivedDataCache: Loaded boot cache 1.34s 90MB C:/Users/Pixelmaster/AppData/Local/UnrealEngine/4.16/DerivedDataCache/Boot.ddc.
[2017.09.20-09.01.06:260][  0]LogDerivedDataCache:Display: Loaded Boot cache: C:/Users/Pixelmaster/AppData/Local/UnrealEngine/4.16/DerivedDataCache/Boot.ddc
[2017.09.20-09.01.06:261][  0]LogDerivedDataCache: FDerivedDataBackendGraph:  Pak pak cache file ../../../../../../Users/Pixelmaster/Documents/RPDungeon/DerivedDataCache/DDC.ddp not found, will not use a pak cache.
[2017.09.20-09.01.06:261][  0]LogDerivedDataCache: Unable to find inner node Pak for hierarchical cache Hierarchy.
[2017.09.20-09.01.06:261][  0]LogDerivedDataCache: FDerivedDataBackendGraph:  CompressedPak pak cache file ../../../../../../Users/Pixelmaster/Documents/RPDungeon/DerivedDataCache/Compressed.ddp not found, will not use a pak cache.
[2017.09.20-09.01.06:261][  0]LogDerivedDataCache: Unable to find inner node CompressedPak for hierarchical cache Hierarchy.
[2017.09.20-09.01.06:409][  0]LogDerivedDataCache:Display: Pak cache opened for reading ../../../Engine/DerivedDataCache/Compressed.ddp.
[2017.09.20-09.01.06:421][  0]LogDerivedDataCache: Using Local data cache path C:/Users/Pixelmaster/AppData/Local/UnrealEngine/Common/DerivedDataCache: Writable
[2017.09.20-09.01.06:432][  0]LogMaterial: Verifying Global Shaders for PCD3D_SM5
[2017.09.20-09.01.06:433][  0]LogSlate: Using Freetype 2.6.0
[2017.09.20-09.01.06:599][  0]LogSlate: SlateFontCache - WITH_FREETYPE: 1, WITH_HARFBUZZ: 1
[2017.09.20-09.01.06:599][  0]LogSlate: SlateFontCache - WITH_FREETYPE: 1, WITH_HARFBUZZ: 1
[2017.09.20-09.01.12:269][  0]LogInit: Selected Device Profile: [Windows]
[2017.09.20-09.01.12:404][  0]LogContentStreaming: Texture pool size is 0.00 MB
[2017.09.20-09.01.12:749][  0]LogMeshUtilities: Using QuadricMeshReduction for automatic static mesh reduction
[2017.09.20-09.01.12:842][  0]LogSimplygon: Simplygon DLL not present - disabling.
[2017.09.20-09.01.12:937][  0]LogMeshUtilities: Using SimplygonSwarm for distributed automatic mesh merging
[2017.09.20-09.01.12:937][  0]LogMeshUtilities: No automatic skeletal mesh reduction module available
[2017.09.20-09.01.12:937][  0]LogMeshUtilities: No automatic mesh merging module available
[2017.09.20-09.01.13:860][  0]LogNetVersion: RPDungeon , NetCL: 3452394, EngineNetVer: 2, GameNetVer: 0 (Checksum: 3434754333)
[2017.09.20-09.01.13:937][  0]LogAssetRegistry: FAssetRegistry took 0.0265 seconds to start up
[2017.09.20-09.01.14:006][  0]LogPackageLocalizationCache: Processed 4 localized package path(s) for 2 prioritized culture(s) in 0.037715 seconds
[2017.09.20-09.01.14:013][  0]LogUObjectArray: 34194 objects as part of root set at end of initial load.
[2017.09.20-09.01.14:013][  0]LogUObjectAllocator: 7260424 out of 0 bytes used by permanent object pool.
[2017.09.20-09.01.14:013][  0]LogUObjectArray: CloseDisregardForGC: 0/0 objects in disregard for GC pool
[2017.09.20-09.01.14:105][  0]LogInit: WinSock: version 1.1 (2.2), MaxSocks=32767, MaxUdp=65467
[2017.09.20-09.01.43:689][  0]LogTcpMessaging: Initializing TcpMessaging bridge
[2017.09.20-09.01.43:781][  0]LogUdpMessaging: Initializing bridge on interface 0.0.0.0:0 to multicast group 230.0.0.1:6666.
[2017.09.20-09.01.44:839][  0]LogMaterial: Uniform references updated for custom material expression Custom.
[2017.09.20-09.01.45:404][  0]SourceControl: Info Source control is disabled
[2017.09.20-09.01.45:405][  0]SourceControl: Info Source control is disabled
[2017.09.20-09.01.45:477][  0]SourceControl: Info Source control is disabled
[2017.09.20-09.01.45:547][  0]SourceControl: Info Source control is disabled
[2017.09.20-09.01.46:755][  0]LogAndroidPermission: UAndroidPermissionCallbackProxy::GetInstance
[2017.09.20-09.01.47:703][  0]LogEngine: Initializing Engine...
[2017.09.20-09.01.47:704][  0]LogHMD: Failed to initialize OpenVR with code 110
[2017.09.20-09.01.47:937][  0]LogStats: UGameplayTagsManager::ConstructGameplayTagTree: Construct from data asset -  0.000 s
[2017.09.20-09.01.47:937][  0]LogStats: UGameplayTagsManager::ConstructGameplayTagTree: GameplayTagTreeChangedEvent.Broadcast -  0.000 s
[2017.09.20-09.01.48:163][  0]LogAIModule: Creating AISystem for world Untitled
[2017.09.20-09.01.48:196][  0]LogInit: XAudio2 using 'Speakers (Realtek High Definition Audio)' : 2 channels at 48 kHz using 16 bits per sample (channel mask 0x3)
[2017.09.20-09.01.48:206][  0]LogInit: FAudioDevice initialized.
[2017.09.20-09.01.48:259][  0]LogDerivedDataCache: Saved boot cache 0.05s 90MB C:/Users/Pixelmaster/AppData/Local/UnrealEngine/4.16/DerivedDataCache/Boot.ddc.
[2017.09.20-09.01.48:274][  0]LogInit: Texture streaming: Enabled
[2017.09.20-09.01.48:516][  0]LogEngineSessionManager: EngineSessionManager initialized
[2017.09.20-09.01.49:071][  0]LogInit: Transaction tracking system initialized
[2017.09.20-09.01.49:711][  0]BlueprintLog: New page: Editor Load
[2017.09.20-09.01.52:044][  0]LocalizationService: Info Localization service is disabled
[2017.09.20-09.01.53:514][  0]LogConsoleResponse:Display: 
[2017.09.20-09.01.54:597][  0]LogCook:Display: Max memory allowance for cook 16384mb min free memory 0mb
[2017.09.20-09.01.54:597][  0]LogCook:Display: Mobile HDR setting 1
[2017.09.20-09.01.54:694][  0]LogFileCache: Scanning file cache for directory 'C:/Users/Pixelmaster/Documents/RPDungeon/Content/' took 0.02s
[2017.09.20-09.01.58:449][  0]SourceControl: Info Source control is disabled
[2017.09.20-09.01.58:449][  0]Cmd: MAP LOAD FILE="../../../../../../Users/Pixelmaster/Documents/RPDungeon/Content/StarterContent/Maps/Minimal_Default.umap" TEMPLATE=0 SHOWPROGRESS=1 FEATURELEVEL=3
[2017.09.20-09.01.58:450][  0]LightingResults: New page: Lighting Build
[2017.09.20-09.01.58:513][  0]MapCheck: New page: Map Check
[2017.09.20-09.01.58:513][  0]LightingResults: New page: Lighting Build
[2017.09.20-09.01.58:814][  0]LogBlueprint:Warning: [Compiler SideScrollerCharacter] Warning InputAction Event references unknown Action 'Jump' for  InputAction Jump
[2017.09.20-09.01.58:817][  0]LogBlueprint:Warning: [Compiler SideScrollerCharacter] Warning [0067.88] Compile of SideScrollerCharacter successful, but with 1 Warning(s) [in 5 ms] (/Game/SideScrollerBP/Blueprints/SideScrollerCharacter.SideScrollerCharacter)
[2017.09.20-09.01.58:817][  0]LogBlueprint:Warning: [Compiler SideScrollerCharacter] Warning [0067.88] Compile of SideScrollerCharacter successful, but with 2 Warning(s) [in 0 ms] (/Game/SideScrollerBP/Blueprints/SideScrollerCharacter.SideScrollerCharacter)
[2017.09.20-09.01.58:818][  0]LogBlueprint:Warning: [Compiler SideScrollerCharacter] Warning [0067.88] Compile of SideScrollerCharacter successful, but with 3 Warning(s) [in 0 ms] (/Game/SideScrollerBP/Blueprints/SideScrollerCharacter.SideScrollerCharacter)
[2017.09.20-09.01.58:822][  0]LogBlueprint:Warning: [Compiler SideScrollerCharacter] Warning InputAction Event references unknown Action 'Jump' for  InputAction Jump
[2017.09.20-09.01.58:825][  0]LogBlueprint:Warning: [Compiler SideScrollerCharacter] Warning [0067.89] Compile of SideScrollerCharacter successful, but with 1 Warning(s) [in 5 ms] (/Game/SideScrollerBP/Blueprints/SideScrollerCharacter.SideScrollerCharacter)
[2017.09.20-09.01.58:825][  0]LogBlueprint:Warning: [Compiler SideScrollerCharacter] Warning [0067.89] Compile of SideScrollerCharacter successful, but with 2 Warning(s) [in 0 ms] (/Game/SideScrollerBP/Blueprints/SideScrollerCharacter.SideScrollerCharacter)
[2017.09.20-09.01.58:825][  0]LogBlueprint:Warning: [Compiler SideScrollerCharacter] Warning [0067.89] Compile of SideScrollerCharacter successful, but with 3 Warning(s) [in 0 ms] (/Game/SideScrollerBP/Blueprints/SideScrollerCharacter.SideScrollerCharacter)
[2017.09.20-09.02.00:580][  0]LogAIModule: Creating AISystem for world Minimal_Default
[2017.09.20-09.02.00:589][  0]LogEditorServer: Finished looking for orphan Actors (0.000 secs)
[2017.09.20-09.02.00:603][  0]Cmd: MAP CHECKDEP NOCLEARLOG
[2017.09.20-09.02.00:693][  0]MapCheck: Info Map check complete: 0 Error(s), 0 Warning(s), took 90.119ms to complete.
[2017.09.20-09.02.00:693][  0]LogFileHelpers: Loading map 'Minimal_Default' took 2.244
[2017.09.20-09.02.01:128][  0]LogCollectionManager: Loaded 0 collections in 0.001400 seconds
[2017.09.20-09.02.01:229][  0]LogFileCache: Scanning file cache for directory 'C:/Users/Pixelmaster/Documents/RPDungeon/Saved/Collections/' took 0.01s
[2017.09.20-09.02.01:229][  0]LogFileCache: Scanning file cache for directory 'C:/Users/Pixelmaster/Documents/RPDungeon/Content/Developers/Pixelmaster/Collections/' took 0.01s
[2017.09.20-09.02.01:229][  0]LogFileCache: Scanning file cache for directory 'C:/Users/Pixelmaster/Documents/RPDungeon/Content/Collections/' took 0.01s
[2017.09.20-09.02.01:229][  0]LogCollectionManager: Rebuilt the GUID cache for 0 collections in 0.000002 seconds
[2017.09.20-09.02.01:239][  0]LogContentBrowser: Native class hierarchy populated in 0.0099 seconds. Added 2329 classes and 491 folders.
[2017.09.20-09.02.01:347][  0]LogContentBrowser: Native class hierarchy updated for 'WidgetCarousel' in 0.0008 seconds. Added 0 classes and 0 folders.
[2017.09.20-09.02.02:449][  0]LogContentBrowser: Native class hierarchy updated for 'AddContentDialog' in 0.0007 seconds. Added 0 classes and 0 folders.
[2017.09.20-09.02.02:553][  0]LogContentBrowser: Native class hierarchy updated for 'SceneOutliner' in 0.0007 seconds. Added 1 classes and 2 folders.
[2017.09.20-09.02.02:711][  0]LogCrashTracker: Crashtracker disabled due to settings.
[2017.09.20-09.02.02:771][  0]LogSlate: Took 0.053911 seconds to synchronously load lazily loaded font '../../../Engine/Content/Slate/Fonts/Roboto-Regular.ttf' (155K)
[2017.09.20-09.02.02:782][  0]LogSlate: Took 0.009850 seconds to synchronously load lazily loaded font '../../../Engine/Content/Slate/Fonts/Roboto-Bold.ttf' (160K)
[2017.09.20-09.02.02:815][  0]LogSlate: Took 0.028195 seconds to synchronously load lazily loaded font '../../../Engine/Content/Editor/Slate/Fonts/FontAwesome.ttf' (139K)
[2017.09.20-09.02.02:973][  0]LogRenderer: Reallocating scene render targets to support 1160x600 NumSamples 1 (Frame:1).
[2017.09.20-09.02.03:188][  0]LogUObjectGlobals:Warning: Failed to find object 'Class None.'
[2017.09.20-09.02.03:333][  0]LogContentBrowser: Native class hierarchy updated for 'HierarchicalLODOutliner' in 0.0007 seconds. Added 1 classes and 2 folders.
[2017.09.20-09.02.03:333][  0]LogLoad: (Engine Initialization) Total time: 72.40 seconds
[2017.09.20-09.02.03:333][  0]LogLoad: (Engine Initialization) Total Blueprint compile time: 0.31 seconds
[2017.09.20-09.02.03:333][  0]LogExternalProfiler: No external profilers were discovered.  External profiling features will not be available.
[2017.09.20-09.02.03:342][  0]LogOcInput: OculusInput pre-init called
[2017.09.20-09.02.03:342][  0]LogHMD: Starting GearVRController plugin
[2017.09.20-09.02.03:362][  0]LogContentStreaming: Texture pool size now 1000 MB
[2017.09.20-09.02.03:485][  0]LogSlate: Took 0.031758 seconds to synchronously load lazily loaded font '../../../Engine/Content/Slate/Fonts/Roboto-Light.ttf' (159K)
[2017.09.20-09.02.03:509][  1]LogAssetRegistry: Asset discovery search completed in 49.5935 seconds
[2017.09.20-09.02.03:511][  1]LogCollectionManager: Rebuilt the object cache for 0 collections in 0.000001 seconds (found 0 objects)
[2017.09.20-09.02.03:511][  1]LogCollectionManager: Fixed up redirectors for 0 collections in 0.000038 seconds (updated 0 objects)
[2017.09.20-09.02.04:361][ 82]LogSlate: Took 0.000214 seconds to synchronously load lazily loaded font '../../../Engine/Content/Slate/Fonts/Roboto-Light.ttf' (159K)
[2017.09.20-09.03.59:375][195]LogSlate: Took 0.000201 seconds to synchronously load lazily loaded font '../../../Engine/Content/Slate/Fonts/Roboto-Light.ttf' (159K)
[2017.09.20-09.03.59:804][195]LogContentBrowser: Native class hierarchy updated for 'BlueprintGraph' in 0.0010 seconds. Added 112 classes and 0 folders.
[2017.09.20-09.04.00:576][195]LogSlate: Took 0.029005 seconds to synchronously load lazily loaded font '../../../Engine/Content/Editor/Slate/Fonts/Roboto-BoldCondensed.ttf' (158K)
[2017.09.20-09.04.40:267][618]LogSlate: Took 0.076695 seconds to synchronously load lazily loaded font '../../../Engine/Content/Slate/Fonts/DroidSansFallback.ttf' (3848K)
[2017.09.20-09.04.44:578][825]LogEditorTransaction: Undo Edit Size Rule
[2017.09.20-09.07.12:897][407]LogEditorTransaction: Undo Resize Widget
[2017.09.20-09.07.27:527][130]LogEditorTransaction: Undo Resize Widget
[2017.09.20-09.07.28:278][159]LogEditorTransaction: Undo Resize Widget
[2017.09.20-09.08.02:576][972]Cmd: OBJ SAVEPACKAGE PACKAGE="/Game/Blueprints/UI/Menu/UI" FILE="../../../../../../Users/Pixelmaster/Documents/RPDungeon/Content/Blueprints/UI/Menu/UI.uasset" SILENT=true
[2017.09.20-09.08.02:750][972]LogSavePackage: Save=148.86ms
[2017.09.20-09.08.02:750][972]LogSavePackage: Moving '../../../../../../Users/Pixelmaster/Documents/RPDungeon/Saved/UI52FFBE18413C0484FA669CAE9456DCB0.tmp' to '../../../../../../Users/Pixelmaster/Documents/RPDungeon/Content/Blueprints/UI/Menu/UI.uasset'
[2017.09.20-09.08.02:754][972]LogSavePackage:Display: Finished SavePackage ../../../../../../Users/Pixelmaster/Documents/RPDungeon/Content/Blueprints/UI/Menu/UI.uasset
