Log file open, 09/20/17 18:25:37
LogInit:Display: Running engine for game: RPDungeon
LogPlatformFile: Not using cached read wrapper
LogInit:Display: RandInit(-450841658) SRandInit(-450841657).
LogTaskGraph: Started task graph with 5 named threads and 8 total threads with 1 sets of task threads.
LogStats: Stats thread started at 4.032346
LogInit: Using libcurl 7.47.1
LogInit:  - built for x86_64-pc-win32
LogInit:  - supports SSL with OpenSSL/1.0.2g
LogInit:  - supports HTTP deflate (compression) using libz 1.2.8
LogInit:  - other features:
LogInit:      CURL_VERSION_SSL
LogInit:      CURL_VERSION_LIBZ
LogInit:      CURL_VERSION_IPV6
LogInit:      CURL_VERSION_ASYNCHDNS
LogInit:      CURL_VERSION_LARGEFILE
LogInit:      CURL_VERSION_IDN
LogInit:  CurlRequestOptions (configurable via config and command line):
LogInit:  - bVerifyPeer = false  - Libcurl will NOT verify peer certificate
LogInit:  - bUseHttpProxy = false  - Libcurl will NOT use HTTP proxy
LogInit:  - bDontReuseConnections = false  - Libcurl will reuse connections
LogInit:  - CertBundlePath = nullptr  - Libcurl will use whatever was configured at build time.
LogInit: Build: ++UE4+Release-4.16-CL-3514769
LogInit: Engine Version: 4.16.2-3514769+++UE4+Release-4.16
LogInit: Compatible Engine Version: 4.16.0-3452394+++UE4+Release-4.16
LogInit: Net CL: 3452394
LogDevObjectVersion: Number of dev versions registered: 16
LogDevObjectVersion:   Dev-Blueprints (B0D832E4-1F89-4F0D-ACCF-7EB736FD4AA2): 9
LogDevObjectVersion:   Dev-Build (E1C64328-A22C-4D53-A36C-8E866417BD8C): 0
LogDevObjectVersion:   Dev-Core (375EC13C-06E4-48FB-B500-84F0262A717E): 2
LogDevObjectVersion:   Dev-Editor (E4B068ED-F494-42E9-A231-DA0B2E46BB41): 17
LogDevObjectVersion:   Dev-Framework (CFFC743F-43B0-4480-9391-14DF171D2073): 23
LogDevObjectVersion:   Dev-Mobile (B02B49B5-BB20-44E9-A304-32B752E40360): 0
LogDevObjectVersion:   Dev-Networking (A4E4105C-59A1-49B5-A7C5-40C4547EDFEE): 0
LogDevObjectVersion:   Dev-Online (39C831C9-5AE6-47DC-9A44-9C173E1C8E7C): 0
LogDevObjectVersion:   Dev-Physics (78F01B33-EBEA-4F98-B9B4-84EACCB95AA2): 0
LogDevObjectVersion:   Dev-Platform (6631380F-2D4D-43E0-8009-CF276956A95A): 0
LogDevObjectVersion:   Dev-Rendering (12F88B9F-8875-4AFC-A67C-D90C383ABD29): 15
LogDevObjectVersion:   Dev-Sequencer (7B5AE74C-D270-4C10-A958-57980B212A5A): 4
LogDevObjectVersion:   Dev-VR (D7296918-1DD6-4BDD-9DE2-64A83CC13884): 0
LogDevObjectVersion:   Dev-LoadTimes (C2A15278-BFE7-4AFE-6C17-90FF531DF755): 1
LogDevObjectVersion:   Private-Geometry (6EACA3D4-40EC-4CC1-B786-8BED09428FC5): 1
LogDevObjectVersion:   Dev-AnimPhys (29E575DD-E0A3-4627-9D10-D276232CDCEA): 3
LogInit: Compiled (64-bit): Jun 29 2017 02:03:24
LogInit: Compiled with Visual C++: 19.00.24215.01
LogInit: Build Configuration: Development
LogInit: Branch Name: ++UE4+Release-4.16
LogInit: Command line:  
LogInit: Base directory: C:/Program Files/Epic Games/UE_4.16/Engine/Binaries/Win64/
LogInit: Installed Engine Build: 1
LogInit: Presizing for max 8388607 objects, including 0 objects not considered by GC, pre-allocating 0 bytes for permanent pool.
LogInit: Object subsystem initialized
[2017.09.20-08.25.40:576][  0]LogInit: Selected Device Profile: [Windows]
[2017.09.20-08.25.40:576][  0]LogInit: Applying CVar settings loaded from the selected device profile: [Windows]
[2017.09.20-08.25.41:548][  0]LogInit: Computer: TERMINATOR
[2017.09.20-08.25.41:548][  0]LogInit: User: Pixelmaster
[2017.09.20-08.25.41:548][  0]LogInit: CPU Page size=4096, Cores=4
[2017.09.20-08.25.41:548][  0]LogInit: High frequency timer resolution =3.123193 MHz
[2017.09.20-08.25.41:554][  0]LogMemory: Memory total: Physical=7.9GB (8GB approx)
[2017.09.20-08.25.41:554][  0]LogMemory: Platform Memory Stats for Windows
[2017.09.20-08.25.41:554][  0]LogMemory: Process Physical Memory: 274.54 MB used, 274.54 MB peak
[2017.09.20-08.25.41:554][  0]LogMemory: Process Virtual Memory: 266.79 MB used, 266.79 MB peak
[2017.09.20-08.25.41:554][  0]LogMemory: Physical Memory: 6161.26 MB used,  1964.66 MB free, 8125.91 MB total
[2017.09.20-08.25.41:554][  0]LogMemory: Virtual Memory: 643.89 MB used,  1964.66 MB free, 134217728.00 MB total
[2017.09.20-08.25.45:416][  0]LogInit: Using OS detected language (en-GB).
[2017.09.20-08.25.45:416][  0]LogInit: Using OS detected locale (en-AU).
[2017.09.20-08.25.45:786][  0]LogTextLocalizationManager: No specific localization for 'en-GB' exists, so the 'en' localization will be used.
[2017.09.20-08.25.58:448][  0]LogD3D11RHI: D3D11 adapters:
[2017.09.20-08.25.58:578][  0]LogD3D11RHI:    0. 'NVIDIA GeForce GTX 750 Ti' (Feature Level 11_0)
[2017.09.20-08.25.58:578][  0]LogD3D11RHI:       2016/0/4062 MB DedicatedVideo/DedicatedSystem/SharedSystem, Outputs:1, VendorId:0x10de
[2017.09.20-08.25.58:585][  0]LogD3D11RHI:    1. 'Microsoft Basic Render Driver' (Feature Level 11_0)
[2017.09.20-08.25.58:585][  0]LogD3D11RHI:       0/0/4062 MB DedicatedVideo/DedicatedSystem/SharedSystem, Outputs:0, VendorId:0x1414
[2017.09.20-08.25.58:585][  0]LogD3D11RHI: Chosen D3D11 Adapter: 0
[2017.09.20-08.25.58:617][  0]LogD3D11RHI: Creating new Direct3DDevice
[2017.09.20-08.25.58:635][  0]LogD3D11RHI:     GPU DeviceId: 0x1380 (for the marketing name, search the web for "GPU Device Id")
[2017.09.20-08.25.58:635][  0]LogWindows: EnumDisplayDevices:
[2017.09.20-08.25.58:635][  0]LogWindows:    0. 'NVIDIA GeForce GTX 750 Ti' (P:1 D:1)
[2017.09.20-08.25.58:636][  0]LogWindows:    1. 'NVIDIA GeForce GTX 750 Ti' (P:0 D:0)
[2017.09.20-08.25.58:636][  0]LogWindows:    2. 'NVIDIA GeForce GTX 750 Ti' (P:0 D:0)
[2017.09.20-08.25.58:636][  0]LogWindows:    3. 'NVIDIA GeForce GTX 750 Ti' (P:0 D:0)
[2017.09.20-08.25.58:636][  0]LogWindows: DebugString: FoundDriverCount:4 
[2017.09.20-08.25.58:636][  0]LogD3D11RHI:     Adapter Name: NVIDIA GeForce GTX 750 Ti
[2017.09.20-08.25.58:636][  0]LogD3D11RHI:   Driver Version: 376.53 (internal:21.21.13.7653, unified:376.53)
[2017.09.20-08.25.58:636][  0]LogD3D11RHI:      Driver Date: 12-29-2016
[2017.09.20-08.25.58:641][  0]LogRHI: Texture pool is 1361 MB (70% of 1945 MB)
[2017.09.20-08.25.58:852][  0]LogD3D11RHI: Async texture creation enabled
[2017.09.20-08.25.59:502][  0]LogD3D11RHI: GPU Timing Frequency: 1000.000000 (Debug: 2 2)
[2017.09.20-08.25.59:803][  0]LogShaderCompilers: Guid format shader working directory is -3 characters bigger than the processId version (../../../../../../Users/Pixelmaster/Documents/RPDungeon/Intermediate/Shaders/WorkingDirectory/4156/).
[2017.09.20-08.25.59:804][  0]LogShaderCompilers: Cleaned the shader compiler working directory 'C:/Users/Pixelmaster/AppData/Local/Temp/UnrealShaderWorkingDir/29FA62AA4693705DB5D7109FD5F32D49/'.
[2017.09.20-08.25.59:815][  0]LogShaderCompilers:Display: Using Local Shader Compiler.
[2017.09.20-08.26.08:866][  0]LogTemp:Display: Loaded TP AllDesktopTargetPlatform
[2017.09.20-08.26.08:965][  0]LogTemp:Display: Loaded TP MacClientTargetPlatform
[2017.09.20-08.26.09:074][  0]LogTemp:Display: Loaded TP MacNoEditorTargetPlatform
[2017.09.20-08.26.09:181][  0]LogTemp:Display: Loaded TP MacServerTargetPlatform
[2017.09.20-08.26.09:337][  0]LogTemp:Display: Loaded TP MacTargetPlatform
[2017.09.20-08.26.09:462][  0]LogTemp:Display: Loaded TP WindowsClientTargetPlatform
[2017.09.20-08.26.09:573][  0]LogTemp:Display: Loaded TP WindowsNoEditorTargetPlatform
[2017.09.20-08.26.09:693][  0]LogTemp:Display: Loaded TP WindowsServerTargetPlatform
[2017.09.20-08.26.09:829][  0]LogTemp:Display: Loaded TP WindowsTargetPlatform
[2017.09.20-08.26.09:988][  0]LogTemp:Display: Loaded TP AndroidTargetPlatform
[2017.09.20-08.26.10:138][  0]LogTemp:Display: Loaded TP Android_ASTCTargetPlatform
[2017.09.20-08.26.10:246][  0]LogTemp:Display: Loaded TP Android_ATCTargetPlatform
[2017.09.20-08.26.10:351][  0]LogTemp:Display: Loaded TP Android_DXTTargetPlatform
[2017.09.20-08.26.10:470][  0]LogTemp:Display: Loaded TP Android_ETC1TargetPlatform
[2017.09.20-08.26.10:610][  0]LogTemp:Display: Loaded TP Android_ETC2TargetPlatform
[2017.09.20-08.26.10:939][  0]LogTemp:Display: Loaded TP Android_MultiTargetPlatform
[2017.09.20-08.26.10:939][  0]LogTemp:Display: Loaded TP Android_PVRTCTargetPlatform
[2017.09.20-08.26.11:117][  0]LogTemp:Display: Loaded TP HTML5TargetPlatform
[2017.09.20-08.26.11:505][  0]LogTemp:Display: Loaded TP IOSTargetPlatform
[2017.09.20-08.26.11:587][  0]LogTemp:Display: Loaded TP TVOSTargetPlatform
[2017.09.20-08.26.11:721][  0]LogTemp:Display: Loaded TP LinuxClientTargetPlatform
[2017.09.20-08.26.11:855][  0]LogTemp:Display: Loaded TP LinuxNoEditorTargetPlatform
[2017.09.20-08.26.11:963][  0]LogTemp:Display: Loaded TP LinuxServerTargetPlatform
[2017.09.20-08.26.12:137][  0]LogTemp:Display: Loaded TP LinuxTargetPlatform
[2017.09.20-08.26.12:137][  0]LogTargetPlatformManager:Display: Building Assets For Windows
[2017.09.20-08.26.15:407][  0]LogDerivedDataCache:Display: Max Cache Size: 512 MB
[2017.09.20-08.26.18:276][  0]LogDerivedDataCache: Loaded boot cache 2.85s 90MB C:/Users/Pixelmaster/AppData/Local/UnrealEngine/4.16/DerivedDataCache/Boot.ddc.
[2017.09.20-08.26.18:276][  0]LogDerivedDataCache:Display: Loaded Boot cache: C:/Users/Pixelmaster/AppData/Local/UnrealEngine/4.16/DerivedDataCache/Boot.ddc
[2017.09.20-08.26.18:276][  0]LogDerivedDataCache: FDerivedDataBackendGraph:  Pak pak cache file ../../../../../../Users/Pixelmaster/Documents/RPDungeon/DerivedDataCache/DDC.ddp not found, will not use a pak cache.
[2017.09.20-08.26.18:276][  0]LogDerivedDataCache: Unable to find inner node Pak for hierarchical cache Hierarchy.
[2017.09.20-08.26.18:276][  0]LogDerivedDataCache: FDerivedDataBackendGraph:  CompressedPak pak cache file ../../../../../../Users/Pixelmaster/Documents/RPDungeon/DerivedDataCache/Compressed.ddp not found, will not use a pak cache.
[2017.09.20-08.26.18:276][  0]LogDerivedDataCache: Unable to find inner node CompressedPak for hierarchical cache Hierarchy.
[2017.09.20-08.26.18:414][  0]LogDerivedDataCache:Display: Pak cache opened for reading ../../../Engine/DerivedDataCache/Compressed.ddp.
[2017.09.20-08.26.18:476][  0]LogDerivedDataCache: Using Local data cache path C:/Users/Pixelmaster/AppData/Local/UnrealEngine/Common/DerivedDataCache: Writable
[2017.09.20-08.26.18:605][  0]LogMaterial: Verifying Global Shaders for PCD3D_SM5
[2017.09.20-08.26.18:700][  0]LogSlate: Using Freetype 2.6.0
[2017.09.20-08.26.19:020][  0]LogSlate: SlateFontCache - WITH_FREETYPE: 1, WITH_HARFBUZZ: 1
[2017.09.20-08.26.19:020][  0]LogSlate: SlateFontCache - WITH_FREETYPE: 1, WITH_HARFBUZZ: 1
[2017.09.20-08.26.30:597][  0]LogInit: Selected Device Profile: [Windows]
[2017.09.20-08.26.31:926][  0]LogContentStreaming: Texture pool size is 0.00 MB
[2017.09.20-08.26.33:212][  0]LogMeshUtilities: Using QuadricMeshReduction for automatic static mesh reduction
[2017.09.20-08.26.33:524][  0]LogSimplygon: Simplygon DLL not present - disabling.
[2017.09.20-08.26.33:685][  0]LogMeshUtilities: Using SimplygonSwarm for distributed automatic mesh merging
[2017.09.20-08.26.33:685][  0]LogMeshUtilities: No automatic skeletal mesh reduction module available
[2017.09.20-08.26.33:685][  0]LogMeshUtilities: No automatic mesh merging module available
[2017.09.20-08.26.42:377][  0]LogNetVersion: RPDungeon , NetCL: 3452394, EngineNetVer: 2, GameNetVer: 0 (Checksum: 3434754333)
[2017.09.20-08.26.42:738][  0]LogAssetRegistry: FAssetRegistry took 0.0659 seconds to start up
[2017.09.20-08.26.43:330][  0]LogPackageLocalizationCache: Processed 4 localized package path(s) for 2 prioritized culture(s) in 0.509530 seconds
[2017.09.20-08.26.43:367][  0]LogUObjectArray: 34194 objects as part of root set at end of initial load.
[2017.09.20-08.26.43:367][  0]LogUObjectAllocator: 7260424 out of 0 bytes used by permanent object pool.
[2017.09.20-08.26.43:367][  0]LogUObjectArray: CloseDisregardForGC: 0/0 objects in disregard for GC pool
[2017.09.20-08.26.43:601][  0]LogInit: WinSock: version 1.1 (2.2), MaxSocks=32767, MaxUdp=65467
[2017.09.20-08.28.13:224][  0]LogTcpMessaging: Initializing TcpMessaging bridge
[2017.09.20-08.28.13:694][  0]LogUdpMessaging: Initializing bridge on interface 0.0.0.0:0 to multicast group 230.0.0.1:6666.
[2017.09.20-08.28.23:219][  0]LogMaterial: Uniform references updated for custom material expression Custom.
[2017.09.20-08.28.26:815][  0]SourceControl: Info Source control is disabled
[2017.09.20-08.28.26:889][  0]SourceControl: Info Source control is disabled
[2017.09.20-08.28.28:209][  0]SourceControl: Info Source control is disabled
[2017.09.20-08.28.28:398][  0]SourceControl: Info Source control is disabled
[2017.09.20-08.28.34:763][  0]LogAndroidPermission: UAndroidPermissionCallbackProxy::GetInstance
[2017.09.20-08.28.44:429][  0]LogEngine: Initializing Engine...
[2017.09.20-08.28.44:550][  0]LogHMD: Failed to initialize OpenVR with code 110
[2017.09.20-08.28.48:199][  0]LogStats: UGameplayTagsManager::ConstructGameplayTagTree: Construct from data asset -  0.000 s
[2017.09.20-08.28.48:344][  0]LogStats: UGameplayTagsManager::ConstructGameplayTagTree: GameplayTagTreeChangedEvent.Broadcast -  0.028 s
[2017.09.20-08.28.57:505][  0]LogAIModule: Creating AISystem for world Untitled
[2017.09.20-08.29.03:429][  0]LogInit: XAudio2 using 'Speakers (Realtek High Definition Audio)' : 2 channels at 48 kHz using 16 bits per sample (channel mask 0x3)
[2017.09.20-08.29.03:813][  0]LogInit: FAudioDevice initialized.
[2017.09.20-08.29.05:381][  0]LogDerivedDataCache: Saved boot cache 1.53s 90MB C:/Users/Pixelmaster/AppData/Local/UnrealEngine/4.16/DerivedDataCache/Boot.ddc.
[2017.09.20-08.29.05:420][  0]LogInit: Texture streaming: Enabled
[2017.09.20-08.29.08:698][  0]LogEngineSessionManager: EngineSessionManager initialized
[2017.09.20-08.29.34:786][  0]LogInit: Transaction tracking system initialized
[2017.09.20-08.29.40:389][  0]BlueprintLog: New page: Editor Load
[2017.09.20-08.30.09:314][  0]LocalizationService: Info Localization service is disabled
[2017.09.20-08.30.22:012][  0]LogConsoleResponse:Display: 
[2017.09.20-08.30.31:081][  0]LogCook:Display: Max memory allowance for cook 16384mb min free memory 0mb
[2017.09.20-08.30.31:081][  0]LogCook:Display: Mobile HDR setting 1
[2017.09.20-08.30.33:561][  0]LogFileCache: Scanning file cache for directory 'C:/Users/Pixelmaster/Documents/RPDungeon/Content/' took 1.64s
[2017.09.20-08.30.53:717][  0]SourceControl: Info Source control is disabled
[2017.09.20-08.30.53:717][  0]Cmd: MAP LOAD FILE="../../../../../../Users/Pixelmaster/Documents/RPDungeon/Content/StarterContent/Maps/Minimal_Default.umap" TEMPLATE=0 SHOWPROGRESS=1 FEATURELEVEL=3
[2017.09.20-08.30.53:846][  0]LightingResults: New page: Lighting Build
[2017.09.20-08.30.54:111][  0]MapCheck: New page: Map Check
[2017.09.20-08.30.54:111][  0]LightingResults: New page: Lighting Build
[2017.09.20-08.31.05:127][  0]LogStaticMesh: Building static mesh Floor_400x400...
[2017.09.20-08.31.06:317][  0]LogStaticMesh: Built static mesh [1.19s] /Game/StarterContent/Architecture/Floor_400x400.Floor_400x400
[2017.09.20-08.31.09:231][  0]LogAIModule: Creating AISystem for world Minimal_Default
[2017.09.20-08.31.12:272][  0]LogEditorServer: Finished looking for orphan Actors (0.000 secs)
[2017.09.20-08.31.12:294][  0]Cmd: MAP CHECKDEP NOCLEARLOG
[2017.09.20-08.31.12:772][  0]MapCheck: Info Map check complete: 0 Error(s), 0 Warning(s), took 478.238ms to complete.
[2017.09.20-08.31.12:772][  0]LogFileHelpers: Loading map 'Minimal_Default' took 19.055
[2017.09.20-08.31.29:839][  0]LogCollectionManager: Loaded 0 collections in 0.001705 seconds
[2017.09.20-08.31.38:087][  0]LogFileCache: Scanning file cache for directory 'C:/Users/Pixelmaster/Documents/RPDungeon/Saved/Collections/' took 0.02s
[2017.09.20-08.31.38:087][  0]LogFileCache: Scanning file cache for directory 'C:/Users/Pixelmaster/Documents/RPDungeon/Content/Developers/Pixelmaster/Collections/' took 0.01s
[2017.09.20-08.31.38:087][  0]LogFileCache: Scanning file cache for directory 'C:/Users/Pixelmaster/Documents/RPDungeon/Content/Collections/' took 0.01s
[2017.09.20-08.31.38:087][  0]LogCollectionManager: Rebuilt the GUID cache for 0 collections in 0.000004 seconds
[2017.09.20-08.31.40:319][  0]LogContentBrowser: Native class hierarchy populated in 1.0482 seconds. Added 2329 classes and 491 folders.
[2017.09.20-08.31.46:737][  0]LogContentBrowser: Native class hierarchy updated for 'WidgetCarousel' in 0.0007 seconds. Added 0 classes and 0 folders.
[2017.09.20-08.32.01:416][  0]LogContentBrowser: Native class hierarchy updated for 'AddContentDialog' in 0.0009 seconds. Added 0 classes and 0 folders.
[2017.09.20-08.32.03:826][  0]LogContentBrowser: Native class hierarchy updated for 'SceneOutliner' in 0.0008 seconds. Added 1 classes and 2 folders.
[2017.09.20-08.32.20:755][  0]LogCrashTracker: Crashtracker disabled due to settings.
[2017.09.20-08.32.26:018][  0]LogSlate: Took 0.216690 seconds to synchronously load lazily loaded font '../../../Engine/Content/Slate/Fonts/Roboto-Regular.ttf' (155K)
[2017.09.20-08.32.27:175][  0]LogSlate: Took 0.126479 seconds to synchronously load lazily loaded font '../../../Engine/Content/Slate/Fonts/Roboto-Bold.ttf' (160K)
[2017.09.20-08.32.28:699][  0]LogSlate: Took 0.082054 seconds to synchronously load lazily loaded font '../../../Engine/Content/Editor/Slate/Fonts/FontAwesome.ttf' (139K)
[2017.09.20-08.32.34:629][  0]LogRenderer: Reallocating scene render targets to support 1160x600 NumSamples 1 (Frame:1).
[2017.09.20-08.32.48:415][  0]LogUObjectGlobals:Warning: Failed to find object 'Class None.'
[2017.09.20-08.32.49:373][  0]LogContentBrowser: Native class hierarchy updated for 'HierarchicalLODOutliner' in 0.0007 seconds. Added 1 classes and 2 folders.
[2017.09.20-08.32.49:373][  0]LogLoad: (Engine Initialization) Total time: 445.26 seconds
[2017.09.20-08.32.49:373][  0]LogLoad: (Engine Initialization) Total Blueprint compile time: 1.05 seconds
[2017.09.20-08.32.49:373][  0]LogExternalProfiler: No external profilers were discovered.  External profiling features will not be available.
[2017.09.20-08.32.49:900][  0]LogOcInput: OculusInput pre-init called
[2017.09.20-08.32.50:024][  0]LogHMD: Starting GearVRController plugin
[2017.09.20-08.32.51:063][  0]LogContentStreaming: Texture pool size now 1000 MB
[2017.09.20-08.32.52:673][  0]LogWindowsTextInputMethodSystem:Display: IME system now deactivated.
[2017.09.20-08.32.58:006][  1]Cmd: QUIT_EDITOR
[2017.09.20-08.33.01:209][  1]LogExit: Preparing to exit.
[2017.09.20-08.33.04:198][  1]LogDirectoryWatcher: A directory notification for 'C:/Users/Pixelmaster/Documents/RPDungeon/Content/' was aborted.
[2017.09.20-08.33.05:101][  1]LogExit: Editor shut down
[2017.09.20-08.33.05:105][  1]LogExit: Transaction tracking system shut down
[2017.09.20-08.33.12:305][  1]LogObj: Freed 0b from 0 cluster array pools.
[2017.09.20-08.33.12:305][  1]LogExit: Object subsystem successfully closed.
[2017.09.20-08.33.13:739][  1]LogD3D11RHI: Shutdown
[2017.09.20-08.33.13:739][  1]LogD3D11RHI: CleanupD3DDevice
[2017.09.20-08.33.13:908][  1]LogD3D11RHI: ~FD3D11DynamicRHI
[2017.09.20-08.33.16:509][  1]LogModuleManager: Shutting down and abandoning module HierarchicalLODOutliner (524)
[2017.09.20-08.33.16:509][  1]LogModuleManager: Shutting down and abandoning module CrashTracker (522)
[2017.09.20-08.33.16:509][  1]LogModuleManager: Shutting down and abandoning module SceneOutliner (520)
[2017.09.20-08.33.16:509][  1]LogModuleManager: Shutting down and abandoning module AddContentDialog (518)
[2017.09.20-08.33.16:584][  1]LogDirectoryWatcher: A directory notification for 'C:/Program Files/Epic Games/UE_4.16/FeaturePacks/' was aborted.
[2017.09.20-08.33.16:618][  1]LogModuleManager: Shutting down and abandoning module WidgetCarousel (517)
[2017.09.20-08.33.16:618][  1]LogModuleManager: Shutting down and abandoning module EditorWidgets (514)
[2017.09.20-08.33.16:618][  1]LogModuleManager: Shutting down and abandoning module CollectionManager (512)
[2017.09.20-08.33.16:618][  1]LogDirectoryWatcher: A directory notification for 'C:/Users/Pixelmaster/Documents/RPDungeon/Content/Collections/' was aborted.
[2017.09.20-08.33.16:619][  1]LogDirectoryWatcher: A directory notification for 'C:/Users/Pixelmaster/Documents/RPDungeon/Content/Developers/Pixelmaster/Collections/' was aborted.
[2017.09.20-08.33.16:619][  1]LogDirectoryWatcher: A directory notification for 'C:/Users/Pixelmaster/Documents/RPDungeon/Saved/Collections/' was aborted.
[2017.09.20-08.33.16:619][  1]LogModuleManager: Shutting down and abandoning module StatsViewer (510)
[2017.09.20-08.33.16:664][  1]LogModuleManager: Shutting down and abandoning module FoliageEdit (508)
[2017.09.20-08.33.16:698][  1]LogModuleManager: Shutting down and abandoning module LandscapeEditor (506)
[2017.09.20-08.33.16:767][  1]LogModuleManager: Shutting down and abandoning module MeshPaintMode (504)
[2017.09.20-08.33.16:767][  1]LogModuleManager: Shutting down and abandoning module SceneDepthPickerMode (502)
[2017.09.20-08.33.16:767][  1]LogModuleManager: Shutting down and abandoning module ActorPickerMode (500)
[2017.09.20-08.33.16:767][  1]LogModuleManager: Shutting down and abandoning module GeometryMode (498)
[2017.09.20-08.33.16:767][  1]LogModuleManager: Shutting down and abandoning module TextureAlignMode (496)
[2017.09.20-08.33.16:767][  1]LogModuleManager: Shutting down and abandoning module BspMode (494)
[2017.09.20-08.33.16:767][  1]LogModuleManager: Shutting down and abandoning module HardwareSurvey (492)
[2017.09.20-08.33.16:767][  1]LogModuleManager: Shutting down and abandoning module SequenceRecorderSections (490)
[2017.09.20-08.33.16:767][  1]LogModuleManager: Shutting down and abandoning module AutomationWorker (488)
[2017.09.20-08.33.16:767][  1]LogModuleManager: Shutting down and abandoning module MatineeToLevelSequence (486)
[2017.09.20-08.33.16:767][  1]LogModuleManager: Shutting down and abandoning module LevelSequenceEditor (484)
[2017.09.20-08.33.17:027][  1]LogModuleManager: Shutting down and abandoning module PlacementMode (483)
[2017.09.20-08.33.17:027][  1]LogModuleManager: Shutting down and abandoning module WmfMediaFactory (480)
[2017.09.20-08.33.17:027][  1]LogModuleManager: Shutting down and abandoning module WmfMediaEditor (478)
[2017.09.20-08.33.17:027][  1]LogModuleManager: Shutting down and abandoning module AvfMediaFactory (476)
[2017.09.20-08.33.17:027][  1]LogModuleManager: Shutting down and abandoning module AvfMediaEditor (474)
[2017.09.20-08.33.17:027][  1]LogModuleManager: Shutting down and abandoning module AndroidMediaFactory (472)
[2017.09.20-08.33.17:027][  1]LogModuleManager: Shutting down and abandoning module Media (471)
[2017.09.20-08.33.17:027][  1]LogModuleManager: Shutting down and abandoning module AndroidMediaEditor (468)
[2017.09.20-08.33.17:027][  1]LogModuleManager: Shutting down and abandoning module CharacterAI (466)
[2017.09.20-08.33.17:027][  1]LogModuleManager: Shutting down and abandoning module AudioCapture (464)
[2017.09.20-08.33.17:027][  1]LogModuleManager: Shutting down and abandoning module SequenceRecorder (463)
[2017.09.20-08.33.17:097][  1]LogModuleManager: Shutting down and abandoning module SmartSnapping (460)
[2017.09.20-08.33.17:097][  1]LogModuleManager: Shutting down and abandoning module SessionServices (458)
[2017.09.20-08.33.17:097][  1]LogModuleManager: Shutting down and abandoning module ViewportSnapping (456)
[2017.09.20-08.33.17:097][  1]LogModuleManager: Shutting down and abandoning module ViewportInteraction (454)
[2017.09.20-08.33.17:097][  1]LogModuleManager: Shutting down and abandoning module ClothPainter (452)
[2017.09.20-08.33.17:188][  1]LogModuleManager: Shutting down and abandoning module LogVisualizer (450)
[2017.09.20-08.33.17:245][  1]LogModuleManager: Shutting down and abandoning module IntroTutorials (448)
[2017.09.20-08.33.17:472][  1]LogModuleManager: Shutting down and abandoning module GameProjectGeneration (447)
[2017.09.20-08.33.17:761][  1]LogModuleManager: Shutting down and abandoning module EditorLiveStreaming (444)
[2017.09.20-08.33.17:761][  1]LogModuleManager: Shutting down and abandoning module IOSPlatformEditor (442)
[2017.09.20-08.33.17:951][  1]LogModuleManager: Shutting down and abandoning module HTML5PlatformEditor (440)
[2017.09.20-08.33.17:951][  1]LogModuleManager: Shutting down and abandoning module AndroidPlatformEditor (438)
[2017.09.20-08.33.17:951][  1]LogModuleManager: Shutting down and abandoning module AndroidDeviceDetection (437)
[2017.09.20-08.33.18:112][  1]LogModuleManager: Shutting down and abandoning module IOSRuntimeSettings (434)
[2017.09.20-08.33.18:112][  1]LogModuleManager: Shutting down and abandoning module AndroidRuntimeSettings (432)
[2017.09.20-08.33.18:112][  1]LogModuleManager: Shutting down and abandoning module InputBindingEditor (430)
[2017.09.20-08.33.18:112][  1]LogModuleManager: Shutting down and abandoning module MergeActors (428)
[2017.09.20-08.33.18:153][  1]LogModuleManager: Shutting down and abandoning module SizeMap (426)
[2017.09.20-08.33.18:153][  1]LogModuleManager: Shutting down and abandoning module TreeMap (424)
[2017.09.20-08.33.18:153][  1]LogModuleManager: Shutting down and abandoning module ReferenceViewer (422)
[2017.09.20-08.33.18:180][  1]LogModuleManager: Shutting down and abandoning module LocalizationDashboard (420)
[2017.09.20-08.33.18:232][  1]LogModuleManager: Shutting down and abandoning module LocalizationService (419)
[2017.09.20-08.33.18:232][  1]LogModuleManager: Shutting down and abandoning module HardwareTargeting (416)
[2017.09.20-08.33.18:232][  1]LogModuleManager: Shutting down and abandoning module DeviceProfileEditor (414)
[2017.09.20-08.33.18:279][  1]LogModuleManager: Shutting down and abandoning module UndoHistory (412)
[2017.09.20-08.33.18:279][  1]LogModuleManager: Shutting down and abandoning module UserFeedback (410)
[2017.09.20-08.33.18:279][  1]LogModuleManager: Shutting down and abandoning module XmlParser (408)
[2017.09.20-08.33.18:279][  1]LogModuleManager: Shutting down and abandoning module Blutility (406)
[2017.09.20-08.33.18:279][  1]LogModuleManager: Shutting down and abandoning module ProjectSettingsViewer (404)
[2017.09.20-08.33.18:280][  1]LogModuleManager: Shutting down and abandoning module ProjectTargetPlatformEditor (403)
[2017.09.20-08.33.18:280][  1]LogModuleManager: Shutting down and abandoning module EditorSettingsViewer (400)
[2017.09.20-08.33.18:280][  1]LogModuleManager: Shutting down and abandoning module SettingsEditor (398)
[2017.09.20-08.33.18:352][  1]LogModuleManager: Shutting down and abandoning module ProjectLauncher (396)
[2017.09.20-08.33.18:509][  1]LogModuleManager: Shutting down and abandoning module SessionFrontend (394)
[2017.09.20-08.33.18:519][  1]LogModuleManager: Shutting down and abandoning module ProfilerClient (392)
[2017.09.20-08.33.18:520][  1]LogModuleManager: Shutting down and abandoning module DeviceManager (390)
[2017.09.20-08.33.18:590][  1]LogModuleManager: Shutting down and abandoning module TargetDeviceServices (389)
[2017.09.20-08.33.18:644][  1]LogModuleManager: Shutting down and abandoning module AutomationController (386)
[2017.09.20-08.33.18:694][  1]LogModuleManager: Shutting down and abandoning module AutomationWindow (384)
[2017.09.20-08.33.18:818][  1]LogModuleManager: Shutting down and abandoning module Layers (382)
[2017.09.20-08.33.19:057][  1]LogModuleManager: Shutting down and abandoning module ComponentVisualizers (380)
[2017.09.20-08.33.19:057][  1]LogModuleManager: Shutting down and abandoning module DetailCustomizations (378)
[2017.09.20-08.33.19:335][  1]LogModuleManager: Shutting down and abandoning module PackagesDialog (376)
[2017.09.20-08.33.19:335][  1]LogModuleManager: Shutting down and abandoning module Persona (374)
[2017.09.20-08.33.19:497][  1]LogModuleManager: Shutting down and abandoning module AdvancedPreviewScene (373)
[2017.09.20-08.33.19:497][  1]LogModuleManager: Shutting down and abandoning module AnimGraph (371)
[2017.09.20-08.33.19:497][  1]LogModuleManager: Shutting down and abandoning module Kismet (368)
[2017.09.20-08.33.19:543][  1]LogModuleManager: Shutting down and abandoning module ClassViewer (366)
[2017.09.20-08.33.19:543][  1]LogModuleManager: Shutting down and abandoning module Toolbox (364)
[2017.09.20-08.33.19:543][  1]LogModuleManager: Shutting down and abandoning module ModuleUI (362)
[2017.09.20-08.33.19:543][  1]LogModuleManager: Shutting down and abandoning module MovieSceneTools (360)
[2017.09.20-08.33.19:661][  1]LogModuleManager: Shutting down and abandoning module OutputLog (358)
[2017.09.20-08.33.19:661][  1]LogModuleManager: Shutting down and abandoning module GammaUI (356)
[2017.09.20-08.33.19:661][  1]LogModuleManager: Shutting down and abandoning module Documentation (354)
[2017.09.20-08.33.19:661][  1]LogModuleManager: Shutting down and abandoning module MovieSceneTracks (352)
[2017.09.20-08.33.19:661][  1]LogModuleManager: Shutting down and abandoning module MovieScene (350)
[2017.09.20-08.33.19:661][  1]LogModuleManager: Shutting down and abandoning module Niagara (348)
[2017.09.20-08.33.19:661][  1]LogModuleManager: Shutting down and abandoning module NiagaraEditor (347)
[2017.09.20-08.33.20:902][  1]LogModuleManager: Shutting down and abandoning module StreamingPauseRendering (344)
[2017.09.20-08.33.20:902][  1]LogModuleManager: Shutting down and abandoning module AnalyticsET (342)
[2017.09.20-08.33.20:902][  1]LogModuleManager: Shutting down and abandoning module PortalServices (340)
[2017.09.20-08.33.20:902][  1]LogModuleManager: Shutting down and abandoning module PortalRpc (338)
[2017.09.20-08.33.20:902][  1]LogModuleManager: Shutting down and abandoning module MessagingRpc (336)
[2017.09.20-08.33.20:902][  1]LogModuleManager: Shutting down and abandoning module AIModule (334)
[2017.09.20-08.33.20:902][  1]LogModuleManager: Shutting down and abandoning module GameplayDebugger (333)
[2017.09.20-08.33.20:918][  1]LogModuleManager: Shutting down and abandoning module AITestSuite (331)
[2017.09.20-08.33.20:941][  1]LogModuleManager: Shutting down and abandoning module ProfilerService (328)
[2017.09.20-08.33.21:011][  1]LogModuleManager: Shutting down and abandoning module TaskGraph (326)
[2017.09.20-08.33.21:369][  1]LogModuleManager: Shutting down and abandoning module SteamVRController (324)
[2017.09.20-08.33.21:369][  1]LogModuleManager: Shutting down and abandoning module SteamVR (322)
[2017.09.20-08.33.21:369][  1]LogModuleManager: Shutting down and abandoning module ProceduralMeshComponentEditor (320)
[2017.09.20-08.33.21:402][  1]LogModuleManager: Shutting down and abandoning module ProceduralMeshComponent (318)
[2017.09.20-08.33.21:438][  1]LogModuleManager: Shutting down and abandoning module OculusLibrary (316)
[2017.09.20-08.33.21:438][  1]LogModuleManager: Shutting down and abandoning module OculusInput (314)
[2017.09.20-08.33.21:438][  1]LogModuleManager: Shutting down and abandoning module MobilePatchingUtils (312)
[2017.09.20-08.33.21:438][  1]LogModuleManager: Shutting down and abandoning module CustomMeshComponent (310)
[2017.09.20-08.33.21:438][  1]LogModuleManager: Shutting down and abandoning module CableComponent (308)
[2017.09.20-08.33.21:480][  1]LogModuleManager: Shutting down and abandoning module ArchVisCharacter (306)
[2017.09.20-08.33.21:480][  1]LogModuleManager: Shutting down and abandoning module AndroidPermission (304)
[2017.09.20-08.33.21:480][  1]LogModuleManager: Shutting down and abandoning module MediaPlayerEditor (300)
[2017.09.20-08.33.21:733][  1]LogModuleManager: Shutting down and abandoning module HTML5Networking (298)
[2017.09.20-08.33.21:733][  1]LogModuleManager: Shutting down and abandoning module AlembicImporter (296)
[2017.09.20-08.33.21:753][  1]LogModuleManager: Shutting down and abandoning module AlembicLibrary (295)
[2017.09.20-08.33.21:753][  1]LogModuleManager: Shutting down and abandoning module GeometryCache (294)
[2017.09.20-08.33.21:772][  1]LogModuleManager: Shutting down and abandoning module GeometryCacheEd (293)
[2017.09.20-08.33.21:772][  1]LogModuleManager: Shutting down and abandoning module SuperSearchEditor (288)
[2017.09.20-08.33.21:772][  1]LogModuleManager: Shutting down and abandoning module SuperSearch (287)
[2017.09.20-08.33.21:772][  1]LogModuleManager: Shutting down and abandoning module SpeedTreeImporter (284)
[2017.09.20-08.33.21:772][  1]LogModuleManager: Shutting down and abandoning module PluginBrowser (282)
[2017.09.20-08.33.21:791][  1]LogModuleManager: Shutting down and abandoning module MobileLauncherProfileWizard (280)
[2017.09.20-08.33.21:896][  1]LogModuleManager: Shutting down and abandoning module VisualStudioSourceCodeAccess (278)
[2017.09.20-08.33.21:929][  1]LogModuleManager: Shutting down and abandoning module DesktopPlatform (277)
[2017.09.20-08.33.21:929][  1]LogModuleManager: Shutting down and abandoning module UObjectPlugin (274)
[2017.09.20-08.33.21:929][  1]LogModuleManager: Shutting down and abandoning module SubversionSourceControl (272)
[2017.09.20-08.33.22:048][  1]LogModuleManager: Shutting down and abandoning module PerforceSourceControl (270)
[2017.09.20-08.33.22:135][  1]LogModuleManager: Shutting down and abandoning module GitSourceControl (268)
[2017.09.20-08.33.22:177][  1]LogModuleManager: Shutting down and abandoning module SourceControl (267)
[2017.09.20-08.33.22:303][  1]LogModuleManager: Shutting down and abandoning module LightPropagationVolumeEditor (264)
[2017.09.20-08.33.22:303][  1]LogModuleManager: Shutting down and abandoning module PaperTiledImporter (262)
[2017.09.20-08.33.22:303][  1]LogModuleManager: Shutting down and abandoning module PaperSpriteSheetImporter (260)
[2017.09.20-08.33.22:303][  1]LogModuleManager: Shutting down and abandoning module Paper2DEditor (258)
[2017.09.20-08.33.22:352][  1]LogModuleManager: Shutting down and abandoning module MeshPaint (257)
[2017.09.20-08.33.22:370][  1]LogModuleManager: Shutting down and abandoning module LevelEditor (255)
[2017.09.20-08.33.22:419][  1]LogModuleManager: Shutting down and abandoning module PixelInspectorModule (254)
[2017.09.20-08.33.22:487][  1]LogModuleManager: Shutting down and abandoning module MainFrame (252)
[2017.09.20-08.33.22:509][  1]LogModuleManager: Shutting down and abandoning module HotReload (251)
[2017.09.20-08.33.22:534][  1]LogModuleManager: Shutting down and abandoning module PhysXVehiclesEditor (246)
[2017.09.20-08.33.22:564][  1]LogModuleManager: Shutting down and abandoning module PhysXVehicles (244)
[2017.09.20-08.33.22:564][  1]LogModuleManager: Shutting down and abandoning module LocationServicesBPLibrary (242)
[2017.09.20-08.33.22:564][  1]LogModuleManager: Shutting down and abandoning module ImmediatePhysicsEditor (240)
[2017.09.20-08.33.22:564][  1]LogModuleManager: Shutting down and abandoning module ImmediatePhysics (238)
[2017.09.20-08.33.22:589][  1]LogModuleManager: Shutting down and abandoning module UdpMessaging (236)
[2017.09.20-08.33.22:690][  1]LogModuleManager: Shutting down and abandoning module TcpMessaging (234)
[2017.09.20-08.33.22:823][  1]LogModuleManager: Shutting down and abandoning module GameplayTagsEditor (232)
[2017.09.20-08.33.22:957][  1]LogModuleManager: Shutting down and abandoning module FacialAnimationEditor (230)
[2017.09.20-08.33.22:991][  1]LogModuleManager: Shutting down and abandoning module FacialAnimation (228)
[2017.09.20-08.33.22:991][  1]LogModuleManager: Shutting down and abandoning module AssetManagerEditor (226)
[2017.09.20-08.33.23:078][  1]LogModuleManager: Shutting down and abandoning module GraphEditor (225)
[2017.09.20-08.33.23:353][  1]LogModuleManager: Shutting down and abandoning module ContentBrowser (223)
[2017.09.20-08.33.23:354][  1]LogModuleManager: Shutting down and abandoning module LightPropagationVolumeRuntime (220)
[2017.09.20-08.33.23:354][  1]LogModuleManager: Shutting down and abandoning module Paper2D (218)
[2017.09.20-08.33.23:391][  1]LogModuleManager: Shutting down and abandoning module WindowsMoviePlayer (216)
[2017.09.20-08.33.23:391][  1]LogModuleManager: Shutting down and abandoning module WmfMedia (214)
[2017.09.20-08.33.23:452][  1]LogModuleManager: Shutting down and abandoning module ClothingSystemEditor (212)
[2017.09.20-08.33.23:452][  1]LogModuleManager: Shutting down and abandoning module ClothingSystemRuntime (210)
[2017.09.20-08.33.23:452][  1]LogModuleManager: Shutting down and abandoning module MediaAssets (208)
[2017.09.20-08.33.23:452][  1]LogModuleManager: Shutting down and abandoning module GameLiveStreaming (206)
[2017.09.20-08.33.23:452][  1]LogModuleManager: Shutting down and abandoning module VREditor (204)
[2017.09.20-08.33.23:483][  1]LogModuleManager: Shutting down and abandoning module StringTableEditor (202)
[2017.09.20-08.33.23:580][  1]LogModuleManager: Shutting down and abandoning module GameplayTasksEditor (200)
[2017.09.20-08.33.23:580][  1]LogModuleManager: Shutting down and abandoning module BehaviorTreeEditor (198)
[2017.09.20-08.33.23:779][  1]LogModuleManager: Shutting down and abandoning module FunctionalTesting (196)
[2017.09.20-08.33.23:779][  1]LogModuleManager: Shutting down and abandoning module CollisionAnalyzer (194)
[2017.09.20-08.33.23:779][  1]LogModuleManager: Shutting down and abandoning module UMG (192)
[2017.09.20-08.33.23:797][  1]LogModuleManager: Shutting down and abandoning module UMGEditor (191)
[2017.09.20-08.33.23:948][  1]LogModuleManager: Shutting down and abandoning module Sequencer (190)
[2017.09.20-08.33.24:091][  1]LogModuleManager: Shutting down and abandoning module AssetTools (188)
[2017.09.20-08.33.24:488][  1]LogModuleManager: Shutting down and abandoning module MessageLog (187)
[2017.09.20-08.33.24:488][  1]LogModuleManager: Shutting down and abandoning module WorkspaceMenuStructure (186)
[2017.09.20-08.33.24:488][  1]LogModuleManager: Shutting down and abandoning module SlateReflector (180)
[2017.09.20-08.33.24:489][  1]LogModuleManager: Shutting down and abandoning module Slate (178)
[2017.09.20-08.33.24:489][  1]LogModuleManager: Shutting down and abandoning module EditorStyle (176)
[2017.09.20-08.33.24:493][  1]LogModuleManager: Shutting down and abandoning module SourceCodeAccess (174)
[2017.09.20-08.33.24:493][  1]LogModuleManager: Shutting down and abandoning module HeadMountedDisplay (172)
[2017.09.20-08.33.24:493][  1]LogModuleManager: Shutting down and abandoning module XAudio2 (170)
[2017.09.20-08.33.24:493][  1]LogModuleManager: Shutting down and abandoning module Networking (168)
[2017.09.20-08.33.24:493][  1]LogModuleManager: Shutting down and abandoning module Core (164)
[2017.09.20-08.33.24:493][  1]LogModuleManager: Shutting down and abandoning module AssetRegistry (162)
[2017.09.20-08.33.24:675][  1]LogDirectoryWatcher: A directory notification for '../../../Engine/Content/' was aborted.
[2017.09.20-08.33.24:675][  1]LogDirectoryWatcher: A directory notification for '../../../../../../Users/Pixelmaster/Documents/RPDungeon/Content/' was aborted.
[2017.09.20-08.33.24:675][  1]LogDirectoryWatcher: A directory notification for '../../../Engine/Plugins/2D/Paper2D/Content/' was aborted.
[2017.09.20-08.33.24:675][  1]LogDirectoryWatcher: A directory notification for '../../../Engine/Plugins/Runtime/GearVR/Content/' was aborted.
[2017.09.20-08.33.24:738][  1]LogModuleManager: Shutting down and abandoning module DirectoryWatcher (161)
[2017.09.20-08.33.24:741][  1]LogModuleManager: Shutting down and abandoning module KismetCompiler (158)
[2017.09.20-08.33.24:741][  1]LogModuleManager: Shutting down and abandoning module LevelSequence (156)
[2017.09.20-08.33.24:741][  1]LogModuleManager: Shutting down and abandoning module PhysXFormats (154)
[2017.09.20-08.33.24:741][  1]LogModuleManager: Shutting down and abandoning module MeshUtilities (152)
[2017.09.20-08.33.24:814][  1]LogModuleManager: Shutting down and abandoning module SimplygonSwarm (151)
[2017.09.20-08.33.25:021][  1]LogModuleManager: Shutting down and abandoning module SimplygonMeshReduction (149)
[2017.09.20-08.33.25:021][  1]LogModuleManager: Shutting down and abandoning module QuadricMeshReduction (147)
[2017.09.20-08.33.25:113][  1]LogModuleManager: Shutting down and abandoning module DerivedDataCache (144)
[2017.09.20-08.33.25:178][  1]LogDerivedDataCache: Shutdown
[2017.09.20-08.33.25:178][  1]LogModuleManager: Shutting down and abandoning module TargetPlatform (142)
[2017.09.20-08.33.25:178][  1]LogModuleManager: Shutting down and abandoning module VulkanShaderFormat (141)
[2017.09.20-08.33.25:405][  1]LogModuleManager: Shutting down and abandoning module ShaderFormatVectorVM (139)
[2017.09.20-08.33.25:431][  1]LogModuleManager: Shutting down and abandoning module ShaderFormatOpenGL (137)
[2017.09.20-08.33.25:598][  1]LogModuleManager: Shutting down and abandoning module ShaderFormatD3D (135)
[2017.09.20-08.33.25:598][  1]LogModuleManager: Shutting down and abandoning module MetalShaderFormat (133)
[2017.09.20-08.33.25:733][  1]LogModuleManager: Shutting down and abandoning module TextureFormatUncompressed (131)
[2017.09.20-08.33.25:733][  1]LogModuleManager: Shutting down and abandoning module TextureFormatPVR (129)
[2017.09.20-08.33.25:733][  1]LogModuleManager: Shutting down and abandoning module TextureFormatDXT (127)
[2017.09.20-08.33.25:733][  1]LogModuleManager: Shutting down and abandoning module TextureFormatIntelISPCTexComp (125)
[2017.09.20-08.33.25:733][  1]LogModuleManager: Shutting down and abandoning module TextureFormatASTC (123)
[2017.09.20-08.33.25:733][  1]LogModuleManager: Shutting down and abandoning module ImageWrapper (122)
[2017.09.20-08.33.25:733][  1]LogModuleManager: Shutting down and abandoning module TextureFormatAndroid (119)
[2017.09.20-08.33.25:733][  1]LogModuleManager: Shutting down and abandoning module AudioFormatOpus (117)
[2017.09.20-08.33.25:733][  1]LogModuleManager: Shutting down and abandoning module AudioFormatOgg (115)
[2017.09.20-08.33.25:733][  1]LogModuleManager: Shutting down and abandoning module AudioFormatADPCM (113)
[2017.09.20-08.33.25:733][  1]LogModuleManager: Shutting down and abandoning module LinuxTargetPlatform (111)
[2017.09.20-08.33.25:733][  1]LogModuleManager: Shutting down and abandoning module LinuxServerTargetPlatform (109)
[2017.09.20-08.33.25:733][  1]LogModuleManager: Shutting down and abandoning module LinuxNoEditorTargetPlatform (107)
[2017.09.20-08.33.25:733][  1]LogModuleManager: Shutting down and abandoning module LinuxClientTargetPlatform (105)
[2017.09.20-08.33.25:733][  1]LogModuleManager: Shutting down and abandoning module TVOSTargetPlatform (103)
[2017.09.20-08.33.25:733][  1]LogModuleManager: Shutting down and abandoning module Messaging (101)
[2017.09.20-08.33.25:733][  1]LogModuleManager: Shutting down and abandoning module IOSTargetPlatform (99)
[2017.09.20-08.33.25:733][  1]LogModuleManager: Shutting down and abandoning module HTML5TargetPlatform (97)
[2017.09.20-08.33.25:733][  1]LogModuleManager: Shutting down and abandoning module Android_PVRTCTargetPlatform (95)
[2017.09.20-08.33.25:733][  1]LogModuleManager: Shutting down and abandoning module Android_MultiTargetPlatform (93)
[2017.09.20-08.33.25:733][  1]LogModuleManager: Shutting down and abandoning module Android_ETC2TargetPlatform (91)
[2017.09.20-08.33.25:733][  1]LogModuleManager: Shutting down and abandoning module Android_ETC1TargetPlatform (89)
[2017.09.20-08.33.25:734][  1]LogModuleManager: Shutting down and abandoning module Android_DXTTargetPlatform (87)
[2017.09.20-08.33.25:734][  1]LogModuleManager: Shutting down and abandoning module Android_ATCTargetPlatform (85)
[2017.09.20-08.33.25:734][  1]LogModuleManager: Shutting down and abandoning module Android_ASTCTargetPlatform (83)
[2017.09.20-08.33.25:734][  1]LogModuleManager: Shutting down and abandoning module AndroidTargetPlatform (81)
[2017.09.20-08.33.25:734][  1]LogModuleManager: Shutting down and abandoning module WindowsTargetPlatform (79)
[2017.09.20-08.33.25:734][  1]LogModuleManager: Shutting down and abandoning module WindowsServerTargetPlatform (77)
[2017.09.20-08.33.25:734][  1]LogModuleManager: Shutting down and abandoning module WindowsNoEditorTargetPlatform (75)
[2017.09.20-08.33.25:734][  1]LogModuleManager: Shutting down and abandoning module WindowsClientTargetPlatform (73)
[2017.09.20-08.33.25:734][  1]LogModuleManager: Shutting down and abandoning module MacTargetPlatform (71)
[2017.09.20-08.33.25:734][  1]LogModuleManager: Shutting down and abandoning module MacServerTargetPlatform (69)
[2017.09.20-08.33.25:734][  1]LogModuleManager: Shutting down and abandoning module MacNoEditorTargetPlatform (67)
[2017.09.20-08.33.25:734][  1]LogModuleManager: Shutting down and abandoning module MacClientTargetPlatform (65)
[2017.09.20-08.33.25:734][  1]LogModuleManager: Shutting down and abandoning module AllDesktopTargetPlatform (63)
[2017.09.20-08.33.25:734][  1]LogModuleManager: Shutting down and abandoning module InputCore (60)
[2017.09.20-08.33.25:734][  1]LogModuleManager: Shutting down and abandoning module Settings (58)
[2017.09.20-08.33.25:734][  1]LogModuleManager: Shutting down and abandoning module OculusRift (56)
[2017.09.20-08.33.25:804][  1]LogModuleManager: Shutting down and abandoning module GearVRController (54)
[2017.09.20-08.33.25:804][  1]LogModuleManager: Shutting down and abandoning module GearVR (52)
[2017.09.20-08.33.25:905][  1]LogModuleManager: Shutting down and abandoning module ExampleDeviceProfileSelector (50)
[2017.09.20-08.33.25:905][  1]LogModuleManager: Shutting down and abandoning module OnlineBlueprintSupport (48)
[2017.09.20-08.33.25:905][  1]LogModuleManager: Shutting down and abandoning module OnlineSubsystem (44)
[2017.09.20-08.33.25:905][  1]LogOnline:Display: Unloading online subsystem: NULL
[2017.09.20-08.33.26:281][  1]LogModuleManager: Shutting down and abandoning module XMPP (43)
[2017.09.20-08.33.26:662][  1]LogModuleManager: Shutting down and abandoning module HTTP (41)
[2017.09.20-08.33.26:662][  1]LogHttp:Display: Http module shutting down, but needs to wait on 1 outstanding Http requests:
[2017.09.20-08.33.26:662][  1]LogHttp:Display: 	verb=[POST] url=[https://datarouter.ol.epicgames.com/datarouter/api/v1/public/data?SessionID=%7B8E140A39-40C7-F62C-98A3-FF9760A914C8%7D&AppID=UEEditor.Rocket.Release&AppVersion=4.16.2-3514769%2B%2B%2BUE4%2BRelease-4.16&UserID=c98312054bde16d8452ad696a8fbf7d6%7Cee994702d5944f9ea38949735dee5bf1%7Cfd05b38c-1e7e-47e5-a06b-8c76be344cfa&AppEnvironment=datacollector-binary&UploadType=eteventstream] status=Processing
[2017.09.20-08.33.26:764][  1]LogModuleManager: Shutting down and abandoning module SSL (40)
[2017.09.20-08.33.26:856][  1]LogModuleManager: Shutting down and abandoning module HTTPChunkInstaller (36)
[2017.09.20-08.33.26:997][  1]LogModuleManager: Shutting down and abandoning module AnimationModifiers (34)
[2017.09.20-08.33.27:042][  1]LogModuleManager: Shutting down and abandoning module PropertyEditor (33)
[2017.09.20-08.33.27:108][  1]LogModuleManager: Shutting down and abandoning module AudioEditor (30)
[2017.09.20-08.33.27:256][  1]LogModuleManager: Shutting down and abandoning module TextureCompressor (28)
[2017.09.20-08.33.27:292][  1]LogModuleManager: Shutting down and abandoning module ShaderCore (26)
[2017.09.20-08.33.27:292][  1]LogModuleManager: Shutting down and abandoning module Landscape (24)
[2017.09.20-08.33.27:292][  1]LogModuleManager: Shutting down and abandoning module SlateRHIRenderer (22)
[2017.09.20-08.33.27:347][  1]LogModuleManager: Shutting down and abandoning module OpenGLDrv (20)
[2017.09.20-08.33.27:426][  1]LogModuleManager: Shutting down and abandoning module D3D11RHI (18)
[2017.09.20-08.33.27:426][  1]LogModuleManager: Shutting down and abandoning module AnimGraphRuntime (16)
[2017.09.20-08.33.27:576][  1]LogModuleManager: Shutting down and abandoning module Renderer (14)
[2017.09.20-08.33.27:576][  1]LogModuleManager: Shutting down and abandoning module Engine (12)
[2017.09.20-08.33.27:576][  1]LogModuleManager: Shutting down and abandoning module CoreUObject (10)
[2017.09.20-08.33.27:576][  1]LogModuleManager: Shutting down and abandoning module NetworkFile (8)
[2017.09.20-08.33.27:618][  1]LogModuleManager: Shutting down and abandoning module StreamingFile (6)
[2017.09.20-08.33.27:667][  1]LogModuleManager: Shutting down and abandoning module SandboxFile (4)
[2017.09.20-08.33.27:667][  1]LogModuleManager: Shutting down and abandoning module PakFile (2)
[2017.09.20-08.33.27:670][  1]LogExit: Exiting.
[2017.09.20-08.33.27:680][  1]Log file closed, 09/20/17 18:33:27
